[2018-04-17 14:11:48] START
[2018-05-01 00:29:17] CREATE default/test.html: 0
[2018-05-01 00:33:34] EDIT camphyr/views/default/test.html: 7
[2018-05-01 00:34:22] EDIT camphyr/controllers/default.py: 3
[2018-05-01 00:35:00] EDIT camphyr/views/default/test.html: -1
[2018-05-01 00:35:27] EDIT camphyr/views/default/test.html: 0
[2018-05-01 00:35:44] EDIT camphyr/views/default/test.html: 0
[2018-05-01 00:37:37] EDIT camphyr/controllers/default.py: 0
[2018-05-01 00:37:48] EDIT camphyr/views/default/test.html: 0
[2018-05-01 00:39:26] EDIT camphyr/views/default/test.html: 0
[2018-05-01 00:43:35] EDIT camphyr/controllers/default.py: 0
[2018-05-01 12:49:52] EDIT camphyr/views/default/test.html: 0
[2018-05-01 12:51:37] EDIT camphyr/views/default/test.html: 0
[2018-05-01 12:53:10] EDIT camphyr/views/default/test.html: 0
[2018-05-01 12:54:00] EDIT camphyr/views/default/test.html: 0
[2018-05-01 13:03:13] EDIT camphyr/controllers/default.py: 11
[2018-05-01 13:03:29] EDIT camphyr/views/default/test.html: 1
[2018-05-01 13:04:17] EDIT camphyr/controllers/default.py: 0
[2018-05-01 13:06:14] EDIT camphyr/controllers/default.py: 0
[2018-05-01 13:06:52] EDIT camphyr/views/default/test.html: 0
[2018-05-01 13:14:14] EDIT camphyr/views/default/test.html: -1
[2018-05-01 13:15:32] EDIT camphyr/controllers/default.py: 0
[2018-05-01 13:15:48] EDIT camphyr/views/default/test.html: 1
[2018-05-01 13:15:57] EDIT camphyr/views/default/test.html: 0
[2018-05-01 13:18:45] EDIT camphyr/views/default/test.html: 0
[2018-05-01 13:19:12] EDIT camphyr/controllers/default.py: 0
[2018-05-01 13:19:20] EDIT camphyr/views/default/test.html: 0
[2018-05-01 13:19:21] EDIT camphyr/views/default/test.html: 0
[2018-05-01 13:20:28] EDIT camphyr/controllers/default.py: -3
[2018-05-01 13:20:57] EDIT camphyr/views/default/test.html: 0
[2018-05-01 13:21:32] EDIT camphyr/controllers/default.py: 0
[2018-05-01 13:21:40] EDIT camphyr/views/default/test.html: 0
[2018-05-01 13:21:47] EDIT camphyr/views/default/test.html: 0
[2018-05-01 13:21:48] EDIT camphyr/views/default/test.html: 0
[2018-05-01 13:21:48] EDIT camphyr/views/default/test.html: 0
[2018-05-01 13:21:48] EDIT camphyr/views/default/test.html: 0
[2018-05-01 13:22:06] EDIT camphyr/controllers/default.py: 0
[2018-05-01 14:32:46] EDIT camphyr/controllers/default.py: 1
[2018-05-01 14:34:12] EDIT camphyr/controllers/default.py: 0
[2018-05-01 14:34:14] EDIT camphyr/controllers/default.py: 0
[2018-05-01 14:35:47] EDIT camphyr/controllers/default.py: -1
[2018-05-01 14:36:31] EDIT camphyr/views/default/test.html: 1
[2018-05-01 14:36:51] EDIT camphyr/controllers/default.py: -1
[2018-05-01 14:38:08] EDIT camphyr/controllers/default.py: 0
[2018-05-01 14:39:35] EDIT camphyr/views/default/test.html: -1
[2018-05-01 14:39:47] EDIT camphyr/views/default/test.html: 0
[2018-05-01 14:41:31] EDIT camphyr/views/default/test.html: 3
[2018-05-01 19:15:20] EDIT camphyr/controllers/default.py: 1
[2018-05-01 19:18:25] EDIT camphyr/views/default/test.html: 1
[2018-05-01 19:29:10] EDIT camphyr/views/default/test.html: 0
[2018-05-01 19:30:34] EDIT camphyr/views/default/test.html: 0
[2018-05-01 19:31:09] EDIT camphyr/views/default/test.html: -5
[2018-05-01 19:33:24] EDIT camphyr/views/default/test.html: 0
[2018-05-01 19:35:56] EDIT camphyr/controllers/default.py: 0
[2018-05-01 19:41:05] DELETE camphyr/views/default/temp.html: -10
[2018-05-01 20:02:16] EDIT camphyr/models/tables.py: 2
[2018-05-01 20:04:40] EDIT camphyr/controllers/default.py: 3
[2018-05-01 20:07:58] EDIT camphyr/controllers/default.py: -1
[2018-05-01 20:09:09] EDIT camphyr/controllers/default.py: 0
[2018-05-01 20:09:56] EDIT camphyr/views/default/test.html: 0
[2018-05-01 20:10:23] EDIT camphyr/models/tables.py: -2
[2018-05-01 20:10:34] EDIT camphyr/views/default/test.html: 0
[2018-05-01 20:10:49] EDIT camphyr/controllers/default.py: 0
[2018-05-01 20:59:11] EDIT camphyr/models/tables.py: 2
[2018-05-01 21:02:10] EDIT camphyr/models/tables.py: 0
[2018-05-01 21:03:21] EDIT camphyr/views/default/index.html: 0
[2018-05-01 21:41:35] EDIT camphyr/controllers/default.py: 4
[2018-05-01 21:42:59] EDIT camphyr/views/default/index.html: 1
[2018-05-01 21:43:36] EDIT camphyr/controllers/default.py: 0
[2018-05-01 21:43:52] EDIT camphyr/views/default/index.html: 0
[2018-05-01 21:45:22] EDIT camphyr/views/default/index.html: 0
[2018-05-01 21:46:55] EDIT camphyr/views/default/index.html: 0
[2018-05-01 21:47:14] EDIT camphyr/views/default/index.html: 0
[2018-05-01 21:48:02] EDIT camphyr/views/default/index.html: 0
[2018-05-01 21:48:20] EDIT camphyr/views/default/index.html: 0
[2018-05-01 21:48:52] EDIT camphyr/controllers/default.py: 0
[2018-05-01 21:48:55] EDIT camphyr/views/default/index.html: 0
[2018-05-01 21:49:38] EDIT camphyr/views/default/index.html: 0
[2018-05-01 21:52:08] EDIT camphyr/views/default/index.html: 0
[2018-05-01 21:53:46] EDIT camphyr/views/default/index.html: 0
[2018-05-01 21:54:45] EDIT camphyr/views/default/index.html: 0
[2018-05-01 21:55:00] EDIT camphyr/views/default/index.html: 0
[2018-05-01 21:56:00] EDIT camphyr/views/default/index.html: 0
[2018-05-01 21:58:04] EDIT camphyr/controllers/default.py: -3
[2018-05-01 21:59:06] EDIT camphyr/views/default/index.html: 0
[2018-05-01 22:01:11] EDIT camphyr/views/default/index.html: -1
[2018-05-01 22:02:00] EDIT camphyr/views/default/index.html: 1
[2018-05-01 22:02:31] EDIT camphyr/views/default/index.html: 0
[2018-05-01 22:04:08] EDIT camphyr/views/default/index.html: 0
[2018-05-01 22:06:07] EDIT camphyr/controllers/default.py: 3
[2018-05-01 22:06:39] EDIT camphyr/controllers/default.py: 0
[2018-05-01 22:06:39] EDIT camphyr/controllers/default.py: 0
[2018-05-01 22:06:56] EDIT camphyr/views/default/index.html: 0
[2018-05-01 22:08:11] EDIT camphyr/controllers/default.py: -2
[2018-05-01 22:08:43] EDIT camphyr/views/default/index.html: 0
[2018-05-01 22:09:24] EDIT camphyr/views/default/index.html: 0
[2018-05-01 22:10:36] EDIT camphyr/models/tables.py: 0
[2018-05-01 22:10:47] EDIT camphyr/models/tables.py: 0
[2018-05-01 22:11:48] EDIT camphyr/controllers/default.py: 0
[2018-05-01 22:12:09] EDIT camphyr/controllers/default.py: 0
[2018-05-01 22:14:35] EDIT camphyr/controllers/default.py: 2
[2018-05-01 22:15:09] EDIT camphyr/views/default/index.html: 1
[2018-05-01 22:15:09] EDIT camphyr/views/default/index.html: 0
[2018-05-01 22:15:39] EDIT camphyr/controllers/default.py: 0
[2018-05-01 22:16:14] EDIT camphyr/views/default/index.html: -1
[2018-05-01 22:16:15] EDIT camphyr/views/default/index.html: 0
[2018-05-01 22:16:59] EDIT camphyr/controllers/default.py: 0
[2018-05-01 22:39:27] EDIT camphyr/controllers/default.py: 0
[2018-05-02 08:52:54] EDIT camphyr/controllers/default.py: 3
[2018-05-02 09:14:52] EDIT camphyr/controllers/default.py: 4
[2018-05-02 09:15:25] EDIT camphyr/controllers/default.py: 0
[2018-05-02 09:15:44] EDIT camphyr/views/default/index.html: 1
[2018-05-02 09:16:36] EDIT camphyr/controllers/default.py: 0
[2018-05-02 09:17:51] EDIT camphyr/controllers/default.py: 0
[2018-05-02 09:20:56] EDIT camphyr/controllers/default.py: 0
[2018-05-02 09:26:39] EDIT camphyr/views/default/index.html: -1
[2018-05-02 09:26:44] EDIT camphyr/controllers/default.py: 0
[2018-05-02 09:27:01] EDIT camphyr/controllers/default.py: 0
[2018-05-02 09:27:14] EDIT camphyr/controllers/default.py: 0
[2018-05-02 09:28:33] EDIT camphyr/controllers/default.py: 0
[2018-05-02 09:28:54] EDIT camphyr/controllers/default.py: 0
[2018-05-02 09:32:28] EDIT camphyr/controllers/default.py: 0
[2018-05-02 09:33:12] EDIT camphyr/controllers/default.py: 0
[2018-05-02 09:34:33] EDIT camphyr/models/tables.py: 0
[2018-05-02 09:34:49] EDIT camphyr/views/default/index.html: 0
[2018-05-02 09:35:28] EDIT camphyr/views/default/index.html: 0
[2018-05-02 09:35:39] EDIT camphyr/models/tables.py: 0
[2018-05-02 09:35:40] EDIT camphyr/models/tables.py: 0
[2018-05-02 09:37:32] EDIT camphyr/controllers/default.py: 0
[2018-05-02 09:37:42] EDIT camphyr/controllers/default.py: 0
[2018-05-02 09:40:12] EDIT camphyr/views/default/index.html: 1
[2018-05-02 09:40:27] EDIT camphyr/views/default/index.html: 0
[2018-05-02 09:41:16] EDIT camphyr/views/default/index.html: 0
[2018-05-02 09:50:45] EDIT camphyr/views/default/index.html: -1
[2018-05-02 09:58:31] EDIT camphyr/views/default/index.html: 0
[2018-05-02 10:07:51] EDIT camphyr/controllers/default.py: 6
[2018-05-02 10:08:32] EDIT camphyr/controllers/default.py: 0
[2018-05-02 10:10:40] EDIT camphyr/controllers/default.py: 0
[2018-05-02 10:12:50] EDIT camphyr/controllers/default.py: 0
[2018-05-02 10:13:28] DELETE camphyr/views/default/test.html: -9
[2018-05-02 10:13:51] CREATE default/sample_story_page.html: 0
[2018-05-02 10:14:02] EDIT camphyr/views/default/sample_story_page.html: 6
[2018-05-02 10:15:58] EDIT camphyr/views/default/sample_story_page.html: 0
[2018-05-02 10:16:31] EDIT camphyr/controllers/default.py: 0
[2018-05-02 10:16:31] EDIT camphyr/controllers/default.py: 0
[2018-05-02 10:16:32] EDIT camphyr/controllers/default.py: 0
[2018-05-02 10:18:35] EDIT camphyr/controllers/default.py: 0
[2018-05-02 10:18:37] EDIT camphyr/controllers/default.py: 0
[2018-05-02 10:18:59] EDIT camphyr/views/default/sample_story_page.html: 0
[2018-05-02 10:19:17] EDIT camphyr/views/default/sample_story_page.html: 0
[2018-05-02 10:19:17] EDIT camphyr/views/default/sample_story_page.html: 0
[2018-05-02 10:19:17] EDIT camphyr/views/default/sample_story_page.html: 0
[2018-05-02 10:19:29] EDIT camphyr/controllers/default.py: 0
[2018-05-02 10:24:35] EDIT camphyr/views/default/index.html: 1
[2018-05-02 10:25:02] EDIT camphyr/views/default/index.html: 0
[2018-05-02 10:25:29] EDIT camphyr/views/default/index.html: 1
[2018-05-02 10:26:42] EDIT camphyr/controllers/default.py: 0
[2018-05-02 10:38:49] EDIT camphyr/controllers/default.py: 1
[2018-05-02 10:44:36] EDIT camphyr/controllers/default.py: -1
[2018-05-15 01:07:50] EDIT camphyr2/views/default/sample_story_page.html: 56
[2018-05-15 01:08:20] EDIT camphyr2/views/default/sample_story_page.html: 6
[2018-05-15 01:09:58] EDIT camphyr2/models/tables.py: 2
[2018-05-15 01:12:34] EDIT camphyr2/controllers/default.py: 3
[2018-05-15 01:12:35] EDIT camphyr2/controllers/default.py: 0
[2018-05-15 01:15:07] EDIT camphyr2/controllers/default.py: 1
[2018-05-15 01:15:13] EDIT camphyr2/controllers/default.py: 0
[2018-05-15 01:19:08] EDIT camphyr2/controllers/default.py: 10
[2018-05-15 01:20:41] EDIT camphyr2/controllers/default.py: 0
[2018-05-15 01:24:04] EDIT camphyr2/controllers/default.py: 0
[2018-05-15 01:24:13] EDIT camphyr2/controllers/default.py: 0
[2018-05-15 01:24:13] EDIT camphyr2/controllers/default.py: 0
[2018-05-15 01:24:15] EDIT camphyr2/views/default/index.html: 0
[2018-05-15 01:24:15] EDIT camphyr2/views/default/index.html: 0
[2018-05-15 01:24:15] EDIT camphyr2/views/default/index.html: 0
[2018-05-15 01:24:17] EDIT camphyr2/models/tables.py: 0
[2018-05-15 01:24:17] EDIT camphyr2/models/tables.py: 0
[2018-05-15 01:24:19] EDIT camphyr2/views/default/sample_story_page.html: 0
[2018-05-15 01:27:54] EDIT camphyr2/views/default/sample_story_page.html: 0
[2018-05-15 01:28:43] EDIT camphyr2/views/layout.html: 1
[2018-05-15 01:28:51] EDIT camphyr2/views/layout.html: 0
[2018-05-15 01:30:03] CREATE css/camphyr.css: 0
[2018-05-15 01:30:47] EDIT camphyr2/static/css/camphyr.css: 11
[2018-05-15 01:31:04] EDIT camphyr2/static/css/camphyr.css: 0
[2018-05-15 01:33:43] EDIT camphyr2/controllers/default.py: 0
[2018-05-15 01:35:38] EDIT camphyr2/controllers/default.py: 0
[2018-05-15 01:36:42] EDIT camphyr2/controllers/default.py: 0
[2018-05-15 01:38:27] EDIT camphyr2/views/default/sample_story_page.html: 0
[2018-05-15 01:42:47] EDIT camphyr2/views/default/sample_story_page.html: 0
[2018-05-15 01:44:23] EDIT camphyr2/views/default/sample_story_page.html: 0
[2018-05-15 01:47:08] EDIT camphyr2/views/default/sample_story_page.html: 0
[2018-05-15 01:49:27] EDIT camphyr2/controllers/default.py: 1
[2018-05-15 01:50:02] EDIT camphyr2/controllers/default.py: 1
[2018-05-15 01:50:03] EDIT camphyr2/controllers/default.py: 0
[2018-05-15 01:51:26] EDIT camphyr2/controllers/default.py: 0
[2018-05-15 01:51:53] EDIT camphyr2/controllers/default.py: 0
[2018-05-15 01:52:20] EDIT camphyr2/views/default/sample_story_page.html: 0
[2018-05-15 12:12:42] DELETE camphyr2/views/default/sample_story_page.html.1: -76
[2018-05-15 12:26:37] EDIT camphyr2/controllers/default.py: 0
[2018-05-15 12:26:44] EDIT camphyr2/views/default/sample_story_page.html: 0
[2018-05-15 12:27:56] EDIT camphyr2/controllers/default.py: 0
[2018-05-15 13:33:44] EDIT camphyr2/views/default/sample_story_page.html: 0
[2018-05-15 14:39:45] CREATE default/testing_page.html: 0
[2018-05-15 14:40:40] EDIT camphyr/controllers/default.py: 2
[2018-05-15 14:43:55] EDIT camphyr/views/default/testing_page.html: 0
[2018-05-15 14:44:29] EDIT camphyr/views/default/testing_page.html: -1
[2018-05-15 14:44:35] EDIT camphyr/views/default/testing_page.html: 0
[2018-05-15 14:44:35] EDIT camphyr/views/default/testing_page.html: 0
[2018-05-15 14:45:22] EDIT camphyr/controllers/default.py: 0
[2018-05-15 14:51:46] EDIT camphyr/controllers/default.py: 2
[2018-05-15 14:52:17] CREATE default/create_story.html: 0
[2018-05-15 14:54:17] EDIT camphyr/views/default/testing_page.html: 0
[2018-05-15 14:54:20] EDIT camphyr/views/default/create_story.html: 0
[2018-05-15 14:54:43] EDIT camphyr/views/default/testing_page.html: 0
[2018-05-15 14:54:48] EDIT camphyr/views/default/create_story.html: 0
[2018-05-15 14:56:07] EDIT camphyr/views/default/testing_page.html: 0
[2018-05-15 15:01:49] EDIT camphyr/controllers/default.py: 3
[2018-05-15 15:01:58] EDIT camphyr/views/default/create_story.html: 0
[2018-05-15 15:02:28] EDIT camphyr/views/default/create_story.html: -1
[2018-05-15 15:02:56] EDIT camphyr/controllers/default.py: 2
[2018-05-15 15:03:21] EDIT camphyr/controllers/default.py: 0
[2018-05-15 15:03:43] EDIT camphyr/controllers/default.py: 0
[2018-05-15 15:04:11] EDIT camphyr/controllers/default.py: 0
[2018-05-15 15:04:25] EDIT camphyr/controllers/default.py: 0
[2018-05-15 15:04:41] EDIT camphyr/controllers/default.py: 0
[2018-05-15 15:11:48] EDIT camphyr/controllers/default.py: 0
[2018-05-15 15:11:49] EDIT camphyr/controllers/default.py: 0
[2018-05-15 15:11:49] EDIT camphyr/controllers/default.py: 0
[2018-05-15 15:11:49] EDIT camphyr/controllers/default.py: 0
[2018-05-15 15:11:49] EDIT camphyr/controllers/default.py: 0
[2018-05-15 15:11:50] EDIT camphyr/controllers/default.py: 0
[2018-05-15 15:11:50] EDIT camphyr/controllers/default.py: 0
[2018-05-15 15:11:50] EDIT camphyr/controllers/default.py: 0
[2018-05-15 15:11:50] EDIT camphyr/controllers/default.py: 0
[2018-05-15 15:11:50] EDIT camphyr/controllers/default.py: 0
[2018-05-15 15:12:04] EDIT camphyr/controllers/default.py: 1
[2018-05-15 15:12:29] EDIT camphyr/controllers/default.py: 1
[2018-05-15 15:12:37] EDIT camphyr/controllers/default.py: 0
[2018-05-15 15:12:49] EDIT camphyr/controllers/default.py: 0
[2018-05-15 15:13:45] EDIT camphyr/controllers/default.py: 7
[2018-05-15 15:15:29] EDIT camphyr/models/tables.py: 4
[2018-05-15 15:16:01] EDIT camphyr/models/tables.py: 1
[2018-05-15 15:16:03] EDIT camphyr/models/tables.py: 0
[2018-05-15 15:16:15] EDIT camphyr/models/tables.py: 0
[2018-05-15 15:16:54] EDIT camphyr/models/tables.py: 3
[2018-05-15 15:20:23] EDIT camphyr/controllers/default.py: 1
[2018-05-15 15:20:38] EDIT camphyr/controllers/default.py: 0
[2018-05-15 15:20:39] EDIT camphyr/controllers/default.py: 0
[2018-05-15 15:20:40] EDIT camphyr/controllers/default.py: 0
[2018-05-15 15:21:11] EDIT camphyr/models/tables.py: -1
[2018-05-15 15:21:55] EDIT camphyr/controllers/default.py: 0
[2018-05-15 15:23:06] EDIT camphyr/controllers/default.py: 1
[2018-05-15 15:27:42] EDIT camphyr/controllers/default.py: 4
[2018-05-15 15:29:36] EDIT camphyr/views/default/testing_page.html: 1
[2018-05-15 15:34:14] EDIT camphyr/views/default/testing_page.html: 8
[2018-05-15 15:35:20] EDIT camphyr/controllers/default.py: 1
[2018-05-15 15:35:35] EDIT camphyr/controllers/default.py: 1
[2018-05-15 15:36:01] EDIT camphyr/controllers/default.py: 0
[2018-05-15 15:36:44] EDIT camphyr/controllers/default.py: 0
[2018-05-15 15:37:13] EDIT camphyr/controllers/default.py: 0
[2018-05-15 15:37:14] EDIT camphyr/controllers/default.py: 0
[2018-05-15 15:37:25] EDIT camphyr/views/default/testing_page.html: 0
[2018-05-15 15:43:47] EDIT camphyr/views/default/testing_page.html: 14
[2018-05-15 15:43:49] EDIT camphyr/views/default/testing_page.html: 0
[2018-05-15 15:45:28] EDIT camphyr/views/default/testing_page.html: 0
[2018-05-15 15:49:40] EDIT camphyr/views/default/testing_page.html: 0
[2018-05-15 15:49:46] EDIT camphyr/views/default/testing_page.html: 0
[2018-05-15 15:50:26] EDIT camphyr/views/default/testing_page.html: 0
[2018-05-15 15:54:48] EDIT camphyr/controllers/default.py: 0
[2018-05-15 16:01:47] EDIT camphyr/controllers/default.py: 1
[2018-05-15 16:08:08] EDIT camphyr/views/default/testing_page.html: 2
[2018-05-15 16:11:14] EDIT camphyr/views/default/testing_page.html: 0
[2018-05-15 16:24:32] EDIT camphyr/controllers/default.py: 0
[2018-05-15 16:24:34] EDIT camphyr/controllers/default.py: 0
[2018-05-15 16:24:34] EDIT camphyr/controllers/default.py: 0
[2018-05-15 16:24:48] EDIT camphyr/controllers/default.py: -1
[2018-05-15 16:27:50] EDIT camphyr/views/default/testing_page.html: 7
[2018-05-15 16:28:15] EDIT camphyr/views/default/testing_page.html: -23
[2018-05-15 16:28:41] EDIT camphyr/views/default/testing_page.html: 1
[2018-05-15 16:29:12] EDIT camphyr/controllers/default.py: -6
[2018-05-15 16:29:49] EDIT camphyr/static/css/camphyr.css: 4
[2018-05-15 16:30:17] EDIT camphyr/static/css/camphyr.css: 4
[2018-05-15 16:30:23] EDIT camphyr/static/css/camphyr.css: 0
[2018-05-15 16:31:05] EDIT camphyr/static/css/camphyr.css: 0
[2018-05-15 16:31:20] EDIT camphyr/static/css/camphyr.css.1: 8
[2018-05-15 16:32:01] EDIT camphyr/views/default/testing_page.html: 0
[2018-05-15 16:32:53] EDIT camphyr/static/css/camphyr.css: 0
[2018-05-15 17:12:52] EDIT camphyr/views/layout.html: 0
[2018-05-15 17:13:05] EDIT camphyr/views/layout.html: 0
[2018-05-15 17:13:07] EDIT camphyr/views/layout.html: 0
[2018-05-15 17:13:07] EDIT camphyr/views/layout.html: 0
[2018-05-15 17:13:07] EDIT camphyr/views/layout.html: 0
[2018-05-15 17:16:14] EDIT camphyr/views/layout.html: 1
[2018-05-15 17:16:24] EDIT camphyr/views/layout.html: 0
[2018-05-15 17:18:49] EDIT camphyr/views/layout.html: 0
[2018-05-15 17:18:57] EDIT camphyr/views/layout.html: 0
[2018-05-15 17:22:21] EDIT camphyr/views/default/sample_story_page.html: 1
[2018-05-15 17:22:29] EDIT camphyr/views/default/sample_story_page.html: 0
[2018-05-15 17:22:30] EDIT camphyr/views/default/sample_story_page.html: 0
[2018-05-15 17:22:40] EDIT camphyr/views/default/testing_page.html: 1
[2018-05-15 17:23:55] EDIT camphyr/views/web2py_ajax.html: 1
[2018-05-15 17:24:40] EDIT camphyr/static/css/camphyr.css: 0
[2018-05-15 17:25:25] EDIT camphyr/views/default/testing_page.html: -1
[2018-05-15 17:25:33] EDIT camphyr/views/default/sample_story_page.html: -1
[2018-05-15 17:26:09] DELETE camphyr/static/css/camphyr.css.1: -19
[2018-05-15 17:28:41] EDIT camphyr/views/default/testing_page.html: 0
[2018-05-15 17:28:43] EDIT camphyr/views/default/testing_page.html: 0
[2018-05-15 18:33:30] EDIT camphyr/static/css/camphyr.css: -2
[2018-05-15 18:34:04] EDIT camphyr/views/default/testing_page.html: 0
[2018-05-15 18:37:11] EDIT camphyr/views/default/testing_page.html: 0
[2018-05-15 18:37:31] EDIT camphyr/controllers/default.py: 0
[2018-05-16 14:26:06] EDIT camphyr/views/default/testing_page.html: -1
[2018-05-16 14:26:26] EDIT camphyr/views/default/testing_page.html: 0
[2018-05-16 14:27:27] EDIT camphyr/static/css/camphyr.css: 1
[2018-05-16 14:28:03] EDIT camphyr/static/css/camphyr.css: 1
[2018-05-16 14:28:12] EDIT camphyr/static/css/camphyr.css: 0
[2018-05-16 14:28:13] EDIT camphyr/static/css/camphyr.css: 0
[2018-05-16 14:28:13] EDIT camphyr/static/css/camphyr.css: 0
[2018-05-16 14:28:39] EDIT camphyr/static/css/camphyr.css: -4
[2018-05-16 14:28:39] EDIT camphyr/static/css/camphyr.css: 0
[2018-05-16 14:28:56] EDIT camphyr/static/css/camphyr.css: -4
[2018-05-16 14:29:19] EDIT camphyr/views/default/testing_page.html: 0
[2018-05-16 14:29:39] EDIT camphyr/views/default/testing_page.html: 0
[2018-05-16 14:29:58] EDIT camphyr/static/css/camphyr.css: 5
[2018-05-16 14:30:53] EDIT camphyr/views/default/testing_page.html: 0
[2018-05-16 14:30:59] EDIT camphyr/static/css/camphyr.css: 0
[2018-05-16 14:31:30] EDIT camphyr/static/css/camphyr.css: -2
[2018-05-16 14:31:42] EDIT camphyr/static/css/camphyr.css: 1
[2018-05-16 14:31:55] EDIT camphyr/views/default/testing_page.html: 0
[2018-05-16 14:32:09] EDIT camphyr/views/default/testing_page.html: 0
[2018-05-16 14:32:15] EDIT camphyr/static/css/camphyr.css: -1
[2018-05-16 14:32:37] EDIT camphyr/static/css/camphyr.css: 0
[2018-05-16 14:33:06] EDIT camphyr/static/css/camphyr.css: 0
[2018-05-16 14:33:26] EDIT camphyr/static/css/camphyr.css: 0
[2018-05-16 14:33:46] EDIT camphyr/static/css/camphyr.css: 0
[2018-05-16 14:37:08] EDIT camphyr/views/default/testing_page.html: -2
[2018-05-16 14:37:33] EDIT camphyr/static/css/camphyr.css: 0
[2018-05-16 14:38:08] EDIT camphyr/views/default/testing_page.html: 2
[2018-05-16 14:40:29] EDIT camphyr/views/layout.html: 1
[2018-05-16 14:42:07] EDIT camphyr/views/layout.html: -1
[2018-05-16 14:42:50] EDIT camphyr/static/css/camphyr.css: 0
[2018-05-16 14:42:52] EDIT camphyr/static/css/camphyr.css: 0
[2018-05-16 14:42:52] EDIT camphyr/static/css/camphyr.css: 0
[2018-05-16 14:42:52] EDIT camphyr/static/css/camphyr.css: 0
[2018-05-16 14:42:52] EDIT camphyr/static/css/camphyr.css: 0
[2018-05-16 14:42:52] EDIT camphyr/static/css/camphyr.css: 0
[2018-05-16 14:42:52] EDIT camphyr/static/css/camphyr.css: 0
[2018-05-16 14:42:52] EDIT camphyr/static/css/camphyr.css: 0
[2018-05-16 14:42:52] EDIT camphyr/static/css/camphyr.css: 0
[2018-05-16 14:42:53] EDIT camphyr/static/css/camphyr.css: 0
[2018-05-16 14:42:53] EDIT camphyr/static/css/camphyr.css: 0
[2018-05-16 14:42:53] EDIT camphyr/static/css/camphyr.css: 0
[2018-05-16 14:42:53] EDIT camphyr/static/css/camphyr.css: 0
[2018-05-16 14:42:54] EDIT camphyr/static/css/camphyr.css: 0
[2018-05-16 14:42:55] EDIT camphyr/static/css/camphyr.css: 0
[2018-05-16 14:44:58] DELETE camphyr/static/css/camphyr.css.1.bak: -11
[2018-05-16 14:45:08] DELETE camphyr/static/css/camphyr.css.bak: -14
[2018-05-16 14:46:09] DELETE camphyr/static/css/camphyr.css: -14
[2018-05-16 14:46:26] CREATE css/camphyr.css: 0
[2018-05-16 14:46:56] EDIT camphyr/static/css/camphyr.css: 14
[2018-05-16 14:47:31] EDIT camphyr/views/layout.html: -2
[2018-05-16 14:47:47] EDIT camphyr/views/layout.html: 0
[2018-05-16 14:47:50] EDIT camphyr/static/css/camphyr.css: 0
[2018-05-16 14:52:05] EDIT camphyr/views/default/sample_story_page.html: 0
[2018-05-16 14:52:53] DELETE camphyr/static/css/camphyr.css.bak: -14
[2018-05-16 14:53:01] DELETE camphyr/static/css/camphyr.css: -14
[2018-05-16 14:55:47] EDIT camphyr/views/default/sample_story_page.html: 0
[2018-05-16 14:56:05] EDIT camphyr/views/default/sample_story_page.html: 0
[2018-05-16 14:56:35] EDIT camphyr/views/default/sample_story_page.html: 0
[2018-05-16 14:57:40] EDIT camphyr/views/default/sample_story_page.html: 0
[2018-05-16 15:00:14] EDIT camphyr/views/web2py_ajax.html: -1
[2018-05-16 15:00:31] EDIT camphyr/views/web2py_ajax.html: 0
[2018-05-16 15:00:41] EDIT camphyr/views/web2py_ajax.html: 0
[2018-05-16 15:01:39] CREATE css/camphyr.css: 0
[2018-05-16 15:03:30] EDIT camphyr/views/layout.html: 1
[2018-05-16 15:04:23] EDIT camphyr/static/css/camphyr.css: 2
[2018-05-16 15:04:29] EDIT camphyr/static/css/camphyr.css: 0
[2018-05-16 15:04:40] EDIT camphyr/views/layout.html: 0
[2018-05-16 15:05:07] EDIT camphyr/views/layout.html: 0
[2018-05-16 15:08:23] EDIT camphyr/views/layout.html: 0
[2018-05-16 15:09:18] DELETE camphyr/static/css/camphyr.css: -2
[2018-05-16 15:09:25] DELETE camphyr/static/css/camphyr.css.bak: -2
[2018-05-16 15:09:43] CREATE css/style.css: 0
[2018-05-16 15:10:00] EDIT camphyr/views/default/create_story.html: 0
[2018-05-16 15:11:57] EDIT camphyr/static/css/style.css: 2
[2018-05-16 15:13:01] EDIT camphyr/static/css/style.css: 1
[2018-05-16 15:13:16] EDIT camphyr/static/css/style.css: 1
[2018-05-16 15:13:30] EDIT camphyr/static/css/style.css: 1
[2018-05-16 15:14:30] EDIT camphyr/static/css/style.css: 7
[2018-05-16 15:14:31] EDIT camphyr/static/css/style.css: 0
[2018-05-16 15:15:36] EDIT camphyr/static/css/style.css: 2
[2018-05-16 15:15:56] EDIT camphyr/static/css/style.css: 2
[2018-05-16 15:16:20] EDIT camphyr/views/default/testing_page.html: 0
[2018-05-16 15:16:39] EDIT camphyr/static/css/style.css: 1
[2018-05-16 15:18:49] EDIT camphyr/views/default/testing_page.html: 0
[2018-05-16 15:22:06] EDIT camphyr/views/default/testing_page.html: 0
[2018-05-16 15:22:53] EDIT camphyr/views/default/testing_page.html: 0
[2018-05-16 15:23:40] EDIT camphyr/views/default/testing_page.html: 0
[2018-05-16 15:23:56] EDIT camphyr/views/default/testing_page.html: 0
[2018-05-16 15:24:14] EDIT camphyr/views/default/testing_page.html: 0
[2018-05-16 15:24:58] EDIT camphyr/views/default/testing_page.html: 0
[2018-05-16 15:25:40] EDIT camphyr/views/default/testing_page.html: 0
[2018-05-16 15:26:16] EDIT camphyr/views/default/testing_page.html: 0
[2018-05-18 00:07:07] EDIT camphyr/views/default/testing_page.html: 0
[2018-05-18 00:08:01] EDIT camphyr/views/default/testing_page.html: 0
[2018-05-18 00:10:21] EDIT camphyr/views/default/testing_page.html: 0
[2018-05-18 00:13:27] EDIT camphyr/views/default/testing_page.html: 1
[2018-05-18 00:13:36] EDIT camphyr/views/default/testing_page.html: 0
[2018-05-18 00:14:02] EDIT camphyr/views/default/testing_page.html: 0
[2018-05-18 00:14:18] EDIT camphyr/views/default/testing_page.html: 0
[2018-05-18 00:36:02] EDIT camphyr/views/default/testing_page.html: 0
[2018-05-18 00:36:02] EDIT camphyr/views/default/testing_page.html: 0
[2018-05-18 00:36:17] EDIT camphyr/views/default/testing_page.html: 0
[2018-05-18 00:39:54] EDIT camphyr/views/default/testing_page.html: 0
[2018-05-18 00:40:11] EDIT camphyr/views/default/testing_page.html: 0
[2018-05-18 00:40:14] EDIT camphyr/views/default/testing_page.html: 0
[2018-05-18 09:48:25] EDIT camphyr/views/default/testing_page.html: 0
[2018-05-18 09:49:21] EDIT camphyr/views/default/testing_page.html: 0
[2018-05-18 09:50:30] EDIT camphyr/views/default/testing_page.html: 0
[2018-05-18 09:51:16] EDIT camphyr/views/default/testing_page.html: 0
[2018-05-18 10:09:04] CREATE default/testing_page/story.html: 0
[2018-05-18 10:09:45] EDIT camphyr/views/default/testing_page.html: 0
[2018-05-18 10:11:39] EDIT camphyr/views/default/testing_page.html: 0
[2018-05-18 10:11:41] EDIT camphyr/views/default/testing_page.html: 0
[2018-05-18 10:19:18] EDIT camphyr/controllers/default.py: 4
[2018-05-18 10:19:34] EDIT camphyr/controllers/default.py: 0
[2018-05-18 10:19:37] EDIT camphyr/controllers/default.py: 0
[2018-05-18 10:19:45] EDIT camphyr/controllers/default.py: 0
[2018-05-18 10:20:35] EDIT camphyr/views/default/testing_page/story.html: 0
[2018-05-18 10:20:59] EDIT camphyr/views/default/testing_page/story.html: 0
[2018-05-18 10:21:02] EDIT camphyr/controllers/default.py: 0
[2018-05-18 10:21:30] EDIT camphyr/views/default/testing_page/story.html: 0
[2018-05-18 10:27:20] EDIT camphyr/controllers/default.py: 0
[2018-05-18 10:27:42] EDIT camphyr/views/default/testing_page.html: 0
[2018-05-18 10:27:45] EDIT camphyr/views/default/testing_page.html: 0
[2018-05-18 10:27:46] EDIT camphyr/views/default/testing_page.html: 0
[2018-05-18 10:36:48] CREATE default/story.html: 0
[2018-05-18 10:37:10] EDIT camphyr/views/default/testing_page/story.html: 0
[2018-05-18 10:37:41] EDIT camphyr/views/default/story.html: 0
[2018-05-18 10:37:53] EDIT camphyr/views/default/testing_page.html: 0
[2018-05-18 10:41:48] EDIT camphyr/controllers/default.py: 0
[2018-05-18 10:43:06] EDIT camphyr/controllers/default.py: 0
[2018-05-18 10:43:07] EDIT camphyr/controllers/default.py: 0
[2018-05-18 10:43:42] EDIT camphyr/controllers/default.py: 0
[2018-05-18 10:44:07] EDIT camphyr/controllers/default.py: 0
[2018-05-18 10:44:45] EDIT camphyr/views/default/story.html: 1
[2018-05-18 10:49:32] EDIT camphyr/controllers/default.py: 0
[2018-05-18 10:51:15] EDIT camphyr/controllers/default.py: 0
[2018-05-18 10:51:41] EDIT camphyr/controllers/default.py: 0
[2018-05-18 10:51:44] EDIT camphyr/models/tables.py: 0
[2018-05-18 10:51:49] EDIT camphyr/views/default/testing_page.html: 0
[2018-05-18 10:52:32] EDIT camphyr/models/tables.py: 0
[2018-05-18 10:52:40] EDIT camphyr/models/tables.py: 0
[2018-05-18 10:52:44] EDIT camphyr/controllers/default.py: 0
[2018-05-18 10:52:47] EDIT camphyr/views/default/testing_page.html: 0
[2018-05-18 10:52:50] EDIT camphyr/views/default/story.html: 0
[2018-05-18 10:52:53] EDIT camphyr/views/default/testing_page/story.html: 0
[2018-05-18 10:53:22] DELETE camphyr/views/default/testing_page/story.html: -3
[2018-05-18 10:56:20] EDIT camphyr/views/default/testing_page.html: 2
[2018-05-18 10:56:29] EDIT camphyr/controllers/default.py: 0
[2018-05-18 10:56:58] EDIT camphyr/views/default/story.html: 2
[2018-05-18 11:15:20] EDIT camphyr/views/default/story.html: 0
[2018-05-18 11:15:22] EDIT camphyr/views/default/testing_page.html: 0
[2018-05-18 11:15:24] EDIT camphyr/controllers/default.py: 0
[2018-05-18 11:16:05] EDIT camphyr/views/default/create_story.html: 2
[2018-05-18 11:17:23] EDIT camphyr/controllers/default.py: 0
[2018-05-18 11:17:32] EDIT camphyr/controllers/default.py: 0
[2018-05-21 17:44:22] EDIT camphyr/controllers/default.py: 0
[2018-05-21 17:44:46] EDIT camphyr/controllers/default.py: 0
[2018-05-21 17:46:16] EDIT camphyr/controllers/default.py: 0
[2018-05-21 17:46:17] EDIT camphyr/controllers/default.py: 0
[2018-05-21 17:56:36] EDIT camphyr/views/default/user_profile.html: 6
[2018-05-21 18:03:24] EDIT camphyr/controllers/default.py: -2
[2018-05-21 18:04:42] EDIT camphyr/models/tables.py: 0
[2018-05-21 18:11:43] EDIT camphyr/controllers/default.py: 4
[2018-05-21 18:11:49] EDIT camphyr/controllers/default.py: 0
[2018-05-21 18:12:08] EDIT camphyr/controllers/default.py: 0
[2018-05-21 18:12:09] EDIT camphyr/controllers/default.py: 0
[2018-05-21 18:12:25] EDIT camphyr/controllers/default.py: 0
[2018-05-21 18:12:25] EDIT camphyr/controllers/default.py: 0
[2018-05-21 18:12:26] EDIT camphyr/controllers/default.py: 0
[2018-05-21 18:12:26] EDIT camphyr/controllers/default.py: 0
[2018-05-21 18:12:26] EDIT camphyr/controllers/default.py: 0
[2018-05-21 18:12:26] EDIT camphyr/controllers/default.py: 0
[2018-05-21 18:12:26] EDIT camphyr/controllers/default.py: 0
[2018-05-21 18:12:26] EDIT camphyr/controllers/default.py: 0
[2018-05-21 18:12:26] EDIT camphyr/controllers/default.py: 0
[2018-05-21 18:12:27] EDIT camphyr/controllers/default.py: 0
[2018-05-21 18:12:35] EDIT camphyr/controllers/default.py: -1
[2018-05-21 19:04:52] EDIT camphyr/views/default/user_profile.html: 1
[2018-05-21 19:07:27] CREATE default/user_story.html: 0
[2018-05-21 19:08:37] EDIT camphyr/views/default/user_story.html: 5
[2018-05-21 19:08:59] EDIT camphyr/views/default/user_profile.html: 0
[2018-05-21 19:09:51] EDIT camphyr/views/default/create_story.html: 0
[2018-05-21 19:09:53] EDIT camphyr/controllers/default.py: 0
[2018-05-21 19:10:00] EDIT camphyr/controllers/default.py: 0
[2018-05-21 19:10:11] EDIT camphyr/controllers/default.py: 0
[2018-05-21 19:10:25] EDIT camphyr/views/default/user_profile.html: 0
[2018-05-21 19:10:35] EDIT camphyr/views/default/user_profile.html: 0
[2018-05-21 19:10:37] EDIT camphyr/views/default/user_profile.html: 0
[2018-05-21 19:12:07] EDIT camphyr/controllers/default.py: 0
[2018-05-21 19:12:21] EDIT camphyr/views/default/create_story.html: 0
[2018-05-21 19:13:46] DELETE camphyr/views/default/story.html: -6
[2018-05-21 19:13:56] EDIT camphyr/views/default/user_story.html: -2
[2018-05-21 19:14:28] EDIT camphyr/views/default/user_story.html: 0
[2018-05-21 19:14:44] EDIT camphyr/views/default/user_story.html: 0
[2018-05-21 19:15:29] EDIT camphyr/views/default/user_story.html: 0
[2018-05-21 19:15:42] EDIT camphyr/views/default/user_story.html: 0
[2018-05-21 19:15:54] EDIT camphyr/views/default/user_story.html: 0
[2018-05-21 19:16:10] EDIT camphyr/views/default/user_story.html: 0
[2018-05-21 19:17:02] EDIT camphyr/controllers/default.py: 0
[2018-05-21 19:17:20] EDIT camphyr/controllers/default.py: 0
[2018-05-21 19:17:32] EDIT camphyr/models/tables.py: -1
[2018-05-21 19:17:39] EDIT camphyr/controllers/default.py: 0
[2018-05-21 19:17:41] EDIT camphyr/views/default/user_story.html: 0
[2018-05-21 19:20:43] EDIT camphyr/views/default/index.html: 0
[2018-05-21 19:20:53] EDIT camphyr/views/default/index.html: 0
[2018-05-21 19:22:41] EDIT camphyr/controllers/default.py: 0
[2018-05-21 19:25:30] EDIT camphyr/static/css/web2py.css: 0
[2018-05-21 19:25:55] EDIT camphyr/static/css/web2py.css: 0
[2018-05-21 19:25:55] EDIT camphyr/static/css/web2py.css: 0
[2018-05-21 19:25:55] EDIT camphyr/static/css/web2py.css: 0
[2018-05-21 19:25:55] EDIT camphyr/static/css/web2py.css: 0
[2018-05-21 19:25:56] EDIT camphyr/static/css/web2py.css: 0
[2018-05-21 19:26:28] EDIT camphyr/static/css/web2py.css: 0
[2018-05-21 19:26:40] EDIT camphyr/static/css/web2py.css: 0
[2018-05-21 19:28:26] EDIT camphyr/static/css/web2py.css: 0
[2018-05-21 19:28:29] EDIT camphyr/static/css/stupid.css: 0
[2018-05-21 19:28:31] EDIT camphyr/static/css/camphyr.css: 0
[2018-05-21 19:28:34] EDIT camphyr/views/default/index.html: 0
[2018-05-21 19:28:36] EDIT camphyr/controllers/default.py: 0
[2018-05-21 19:28:38] EDIT camphyr/controllers/default.py: 0
[2018-05-21 19:28:39] EDIT camphyr/models/tables.py: 0
[2018-05-21 19:28:41] EDIT camphyr/views/default/user_story.html: 0
[2018-06-03 21:11:35] EDIT camphyr_mimeng/controllers/default.py: 26
[2018-06-03 21:11:51] EDIT camphyr_mimeng/controllers/default.py: 0
[2018-06-03 21:12:05] EDIT camphyr_mimeng/controllers/default.py: 0
[2018-06-03 21:13:01] EDIT camphyr_mimeng/controllers/default.py: 0
[2018-06-03 21:14:08] EDIT camphyr_mimeng/controllers/default.py: 2
[2018-06-03 21:14:19] EDIT camphyr_mimeng/controllers/default.py: 0
[2018-06-03 21:16:43] EDIT camphyr_mimeng/views/default/sample_story_page.html: 22
[2018-06-03 21:21:37] EDIT camphyr_mimeng/views/default/user_profile.html: 7
[2018-06-03 21:24:11] EDIT camphyr_mimeng/controllers/default.py: 2
[2018-06-03 21:27:21] EDIT camphyr_mimeng/models/tables.py: 1
[2018-06-03 21:27:24] EDIT camphyr_mimeng/controllers/default.py: 0
[2018-06-03 21:27:25] EDIT camphyr_mimeng/views/default/sample_story_page.html: 0
[2018-06-03 21:27:27] EDIT camphyr_mimeng/views/default/user_profile.html: 0
[2018-06-03 21:30:31] EDIT camphyr_mimeng/controllers/default.py: 12
[2018-06-03 21:33:35] EDIT camphyr_mimeng/views/default/user_profile.html: 13
[2018-06-03 21:33:52] EDIT camphyr_mimeng/views/default/user_profile.html: 0
[2018-06-03 21:34:31] EDIT camphyr_mimeng/controllers/default.py: 0
[2018-06-03 21:35:17] EDIT camphyr_mimeng/controllers/default.py: 0
[2018-06-03 21:37:59] EDIT camphyr_mimeng/views/default/user_profile.html: 0
[2018-06-03 21:40:11] EDIT camphyr_mimeng/views/default/user_profile.html: 0
[2018-06-03 21:40:21] EDIT camphyr_mimeng/views/default/user_profile.html: 0
[2018-06-03 21:41:38] EDIT camphyr_mimeng/views/default/user_profile.html: -13
[2018-06-03 21:42:53] EDIT camphyr_mimeng/models/tables.py: 1
[2018-06-03 21:42:59] EDIT camphyr_mimeng/views/default/user_profile.html: 13
[2018-06-03 21:42:59] EDIT camphyr_mimeng/views/default/user_profile.html: 0
[2018-06-03 21:42:59] EDIT camphyr_mimeng/views/default/user_profile.html: 0
[2018-06-03 21:43:15] EDIT camphyr_mimeng/views/default/user_profile.html: 0
[2018-06-03 21:46:59] EDIT camphyr_mimeng/controllers/default.py: 0
[2018-06-03 21:47:25] EDIT camphyr_mimeng/controllers/default.py: 0
[2018-06-03 21:48:40] EDIT camphyr_mimeng/views/default/index.html: 0
[2018-06-03 21:48:41] EDIT camphyr_mimeng/views/default/index.html: 0
[2018-06-03 21:49:03] EDIT camphyr_mimeng/models/tables.py: 0
[2018-06-03 21:49:10] EDIT camphyr_mimeng/controllers/default.py: 0
[2018-06-03 21:49:10] EDIT camphyr_mimeng/controllers/default.py: 0
[2018-06-03 21:52:02] EDIT camphyr_mimeng/views/default/user_profile.html: -4
[2018-06-03 21:52:22] EDIT camphyr_mimeng/views/default/user_profile.html: -2
[2018-06-03 21:53:07] EDIT camphyr_mimeng/views/default/user_profile.html: -6
[2018-06-03 21:53:07] EDIT camphyr_mimeng/views/default/user_profile.html: 0
[2018-06-03 21:53:27] EDIT camphyr_mimeng/views/default/user_profile.html: -1
[2018-06-03 21:53:57] EDIT camphyr_mimeng/views/default/user_profile.html: 13
[2018-06-03 21:55:03] EDIT camphyr_mimeng/views/default/user_profile.html: 0
[2018-06-03 21:56:57] EDIT camphyr_mimeng/views/default/user_profile.html: 0
[2018-06-03 21:57:44] EDIT camphyr_mimeng/controllers/default.py: 0
[2018-06-03 21:57:49] EDIT camphyr_mimeng/controllers/default.py: 0
[2018-06-03 21:57:51] EDIT camphyr_mimeng/views/default/index.html: 0
[2018-06-03 21:57:54] EDIT camphyr_mimeng/models/tables.py: 0
[2018-06-03 21:57:56] EDIT camphyr_mimeng/views/default/user_profile.html: 0
[2018-06-03 22:03:27] EDIT camphyr_mimeng/controllers/default.py: 0
[2018-06-03 22:03:39] EDIT camphyr_mimeng/controllers/default.py: 0
[2018-06-03 22:04:13] EDIT camphyr_mimeng/controllers/default.py: 0
[2018-06-03 22:04:15] EDIT camphyr_mimeng/views/default/sample_story_page.html: 0
[2018-06-03 22:04:16] EDIT camphyr_mimeng/views/default/index.html: 0
[2018-06-04 14:46:06] EDIT camphyr_mimeng/views/default/sample_story_page.html: 0
[2018-06-04 14:54:00] EDIT camphyr_mimeng/models/tables.py: 1
[2018-06-04 14:57:42] EDIT camphyr_mimeng/controllers/default.py: 15
[2018-06-04 14:58:43] EDIT camphyr_mimeng/views/default/sample_story_page.html: 14
[2018-06-04 14:58:57] EDIT camphyr_mimeng/views/default/sample_story_page.html: 0
[2018-06-04 15:04:04] EDIT camphyr_mimeng/views/default/sample_story_page.html: 1
[2018-06-04 15:06:26] EDIT camphyr_mimeng/views/default/sample_story_page.html: 0
[2018-06-04 15:12:08] EDIT camphyr_mimeng/views/default/searches.html: -1
[2018-06-04 15:17:14] EDIT camphyr_mimeng/views/default/searches.html: 0
[2018-06-04 15:19:08] EDIT camphyr_mimeng/views/default/searches.html: 0
[2018-06-04 15:20:03] EDIT camphyr_mimeng/views/default/searches.html: 0
[2018-06-04 15:21:01] EDIT camphyr_mimeng/views/default/searches.html: -1
[2018-06-04 15:35:09] EDIT camphyr/controllers/default.py: 1
[2018-06-04 15:36:36] EDIT camphyr/controllers/default.py: 0
[2018-06-04 15:36:57] EDIT camphyr/controllers/default.py: 0
[2018-06-04 15:38:06] EDIT camphyr/controllers/default.py: 0
[2018-06-04 15:38:56] EDIT camphyr/controllers/default.py: 0
[2018-06-04 15:39:30] EDIT camphyr/models/tables.py: 0
[2018-06-04 15:40:00] EDIT camphyr/models/tables.py: 0
[2018-06-04 15:40:02] EDIT camphyr/models/tables.py: 0
[2018-06-04 15:42:06] EDIT camphyr/models/tables.py: 1
[2018-06-04 15:42:43] EDIT camphyr/models/tables.py: 0
[2018-06-04 15:42:47] EDIT camphyr/views/default/edit_profile.html: 0
[2018-06-04 15:42:51] EDIT camphyr/views/default/user_profile.html: 0
[2018-06-04 15:51:48] EDIT camphyr/models/tables.py: 0
[2018-06-04 15:53:03] EDIT camphyr/models/tables.py: 0
[2018-06-04 15:54:46] EDIT camphyr/models/tables.py: 0
[2018-06-04 15:58:09] EDIT camphyr/models/tables.py: 1
[2018-06-04 16:04:28] EDIT camphyr/controllers/default.py: 0
[2018-06-04 16:04:50] EDIT camphyr/controllers/default.py: 0
[2018-06-04 16:05:02] EDIT camphyr/controllers/default.py: 0
[2018-06-04 16:05:18] EDIT camphyr/controllers/default.py: 0
[2018-06-04 16:08:31] EDIT camphyr/controllers/default.py: 0
[2018-06-04 16:09:21] EDIT camphyr/controllers/default.py: 0
[2018-06-04 16:21:19] EDIT camphyr/controllers/default.py: 0
[2018-06-04 16:24:03] EDIT camphyr/views/default/user_story.html: 0
[2018-06-04 16:26:19] EDIT camphyr/views/default/user_profile.html: 0
[2018-06-04 16:45:38] EDIT camphyr/controllers/default.py: 0
[2018-06-04 16:45:43] EDIT camphyr/controllers/default.py: 0
[2018-06-04 16:45:45] EDIT camphyr/controllers/default.py: 0
[2018-06-04 16:46:21] EDIT camphyr/controllers/default.py: 0
[2018-06-04 16:46:22] EDIT camphyr/controllers/default.py: 0
[2018-06-04 16:49:48] EDIT camphyr/controllers/default.py: 0
[2018-06-04 16:49:48] EDIT camphyr/controllers/default.py: 0
[2018-06-04 16:57:24] EDIT camphyr/views/default/user_story.html: -1
[2018-06-04 16:57:38] EDIT camphyr/views/default/user_story.html: 0
[2018-06-04 16:57:49] EDIT camphyr/views/default/user_story.html: 0
[2018-06-04 16:58:02] EDIT camphyr/views/default/user_story.html: 0
[2018-06-04 17:02:28] EDIT camphyr/views/default/user_story.html: 0
[2018-06-04 17:03:18] EDIT camphyr/views/default/user_story.html: 0
[2018-06-04 17:03:37] EDIT camphyr/views/default/user_story.html: 0
[2018-06-04 17:07:44] EDIT camphyr/controllers/default.py: 1
[2018-06-04 17:13:18] EDIT camphyr/controllers/default.py: 2
[2018-06-04 17:14:19] EDIT camphyr/controllers/default.py: 0
[2018-06-04 17:14:36] EDIT camphyr/controllers/default.py: 0
[2018-06-04 17:16:06] EDIT camphyr/controllers/default.py: -2
[2018-06-04 17:16:57] EDIT camphyr/controllers/default.py: 0
[2018-06-04 17:18:59] EDIT camphyr/views/default/user.html: 1
[2018-06-04 17:19:22] EDIT camphyr/views/default/sample_story_page.html: 0
[2018-06-04 17:19:24] EDIT camphyr/views/default/sample_story_page.html: 0
[2018-06-04 17:19:26] EDIT camphyr/models/tables.py: -1
[2018-06-04 17:19:30] EDIT camphyr/views/default/edit_profile.html: 0
[2018-06-04 17:19:35] EDIT camphyr/views/default/user_story.html: 0
[2018-06-04 17:19:38] EDIT camphyr/controllers/default.py: 0
[2018-06-04 17:19:41] EDIT camphyr/views/default/user_profile.html: 0
[2018-06-04 17:19:44] EDIT camphyr/views/default/user.html: 0
[2018-06-04 17:28:06] EDIT camphyr/models/tables.py: 0
[2018-06-04 18:09:39] EDIT camphyr/models/tables.py: 0
[2018-06-04 18:09:43] EDIT camphyr/views/default/user_profile.html: 0
[2018-06-05 11:36:59] EDIT camphyr/views/default/sample_story_page.html: 0
[2018-06-05 11:38:02] EDIT camphyr/views/default/sample_story_page.html: 0
[2018-06-05 11:40:34] EDIT camphyr/views/default/user_profile.html: 0
[2018-06-05 11:42:21] EDIT camphyr/views/default/user_profile.html: 0
[2018-06-05 11:42:44] EDIT camphyr/views/default/user_profile.html: 0
[2018-06-05 11:43:02] EDIT camphyr/views/default/user_profile.html: 0
[2018-06-05 11:43:31] EDIT camphyr/views/default/user_profile.html: 0
[2018-06-05 11:43:43] EDIT camphyr/views/default/user_profile.html: 0
[2018-06-05 11:44:00] EDIT camphyr/views/default/user_profile.html: 0
[2018-06-05 11:45:11] EDIT camphyr/views/default/user_profile.html: 0
[2018-06-05 11:45:21] EDIT camphyr/views/default/user_profile.html: 0
[2018-06-05 11:45:41] EDIT camphyr/views/default/user_profile.html: 0
[2018-06-05 11:46:02] EDIT camphyr/views/default/user_profile.html: 0
[2018-06-05 11:46:27] EDIT camphyr/views/default/user_profile.html: 0
[2018-06-05 11:46:42] EDIT camphyr/views/default/user_profile.html: 0
[2018-06-05 11:46:59] EDIT camphyr/views/default/user_profile.html: 0
[2018-06-05 11:47:30] EDIT camphyr/views/default/user_profile.html: 0
[2018-06-05 11:47:45] EDIT camphyr/views/default/user_profile.html: 0
[2018-06-05 11:48:26] EDIT camphyr/views/default/user_profile.html: 0
[2018-06-05 11:49:21] EDIT camphyr/views/default/user_profile.html: 0
[2018-06-05 11:49:39] EDIT camphyr/views/default/user_profile.html: 0
[2018-06-05 11:50:00] EDIT camphyr/views/default/user_profile.html: 0
[2018-06-05 11:50:33] EDIT camphyr/views/default/user_profile.html: 0
[2018-06-05 11:50:52] EDIT camphyr/views/default/user_profile.html: 0
[2018-06-05 11:51:32] EDIT camphyr/views/default/user_profile.html: 0
[2018-06-05 11:51:52] EDIT camphyr/views/default/user_profile.html: 0
[2018-06-05 11:52:09] EDIT camphyr/views/default/user_profile.html: 0
[2018-06-05 11:52:24] EDIT camphyr/views/default/user_profile.html: 0
[2018-06-05 11:53:42] EDIT camphyr/views/default/user_profile.html: 0
[2018-06-05 11:54:25] EDIT camphyr/views/default/user_profile.html: 0
[2018-06-05 11:55:20] EDIT camphyr/views/default/user_profile.html: 0
[2018-06-05 11:57:31] EDIT camphyr/views/default/user_profile.html: 0
[2018-06-05 11:58:21] EDIT camphyr/views/default/user_profile.html: 0
[2018-06-05 11:58:31] EDIT camphyr/views/default/user_profile.html: 0
[2018-06-05 11:59:23] EDIT camphyr/views/default/user_profile.html: 0
[2018-06-05 11:59:36] EDIT camphyr/views/default/user_profile.html: 0
[2018-06-05 11:59:53] EDIT camphyr/views/default/user_profile.html: 0
[2018-06-05 12:00:35] EDIT camphyr/views/default/user_profile.html: 0
[2018-06-05 12:01:03] EDIT camphyr/views/default/user_profile.html: 0
[2018-06-05 12:01:18] EDIT camphyr/views/default/user_profile.html: 0
[2018-06-05 12:01:31] EDIT camphyr/views/default/user_profile.html: 0
[2018-06-05 12:01:58] EDIT camphyr/views/default/user_profile.html: 0
[2018-06-05 12:03:05] EDIT camphyr/views/default/user_profile.html: 0
[2018-06-05 12:03:17] EDIT camphyr/views/default/user_profile.html: 0
[2018-06-05 12:03:29] EDIT camphyr/views/default/user_profile.html: 0
[2018-06-05 12:03:43] EDIT camphyr/views/default/user_profile.html: 0
[2018-06-05 12:04:06] EDIT camphyr/views/default/user_profile.html: 0
[2018-06-05 12:04:18] EDIT camphyr/views/default/user_profile.html: 0
[2018-06-05 12:04:31] EDIT camphyr/views/default/user_profile.html: 0
[2018-06-05 12:04:42] EDIT camphyr/views/default/user_profile.html: 0
[2018-06-05 12:05:12] EDIT camphyr/views/default/user_profile.html: 0
[2018-06-05 12:05:34] EDIT camphyr/views/default/user_profile.html: 0
[2018-06-05 12:06:14] EDIT camphyr/views/default/user_profile.html: 0
[2018-06-05 12:06:30] EDIT camphyr/views/default/user_profile.html: 0
[2018-06-05 12:06:53] EDIT camphyr/views/default/user_profile.html: 0
[2018-06-05 12:08:11] EDIT camphyr/views/default/user_profile.html: 2
[2018-06-05 12:08:34] EDIT camphyr/views/default/user_profile.html: 0
[2018-06-05 12:09:09] EDIT camphyr/views/default/user_profile.html: 0
[2018-06-05 12:09:27] EDIT camphyr/views/default/user_profile.html: 0
[2018-06-05 12:10:05] EDIT camphyr/views/default/user_profile.html: 0
[2018-06-05 12:10:18] EDIT camphyr/views/default/user_profile.html: 0
[2018-06-05 12:10:33] EDIT camphyr/views/default/user_profile.html: 0
[2018-06-05 12:10:45] EDIT camphyr/views/default/user_profile.html: 0
[2018-06-05 12:11:18] EDIT camphyr/views/default/user_profile.html: 0
[2018-06-05 12:11:29] EDIT camphyr/views/default/user_profile.html: 0
[2018-06-05 12:11:56] EDIT camphyr/views/default/user_profile.html: 0
[2018-06-05 12:12:06] EDIT camphyr/views/default/user_profile.html: 0
[2018-06-05 12:12:16] EDIT camphyr/views/default/user_profile.html: 0
[2018-06-05 12:12:59] EDIT camphyr/views/default/user_profile.html: 2
[2018-06-05 12:13:04] EDIT camphyr/views/default/user_profile.html: 0
[2018-06-05 12:13:39] EDIT camphyr/views/default/user_profile.html: 0
[2018-06-05 12:14:09] EDIT camphyr/views/default/user_profile.html: 0
[2018-06-05 12:17:13] EDIT camphyr/views/default/user_profile.html: 0
[2018-06-05 12:18:43] EDIT camphyr/views/default/user_profile.html: 0
[2018-06-05 12:19:03] EDIT camphyr/views/default/user_profile.html: 0
[2018-06-05 12:19:47] EDIT camphyr/views/default/user_profile.html: 0
[2018-06-05 12:20:14] EDIT camphyr/views/default/user_profile.html: 0
[2018-06-05 12:20:28] EDIT camphyr/views/default/user_profile.html: 0
[2018-06-05 12:22:05] EDIT camphyr/views/default/user_profile.html: 0
[2018-06-05 12:22:06] EDIT camphyr/views/default/user_profile.html: 0
[2018-06-05 12:22:23] EDIT camphyr/views/default/user_profile.html: 0
[2018-06-05 12:24:21] EDIT camphyr/controllers/default.py: -1
[2018-06-05 12:26:53] EDIT camphyr/controllers/default.py: 3
[2018-06-05 12:27:31] EDIT camphyr/controllers/default.py: 0
[2018-06-05 12:28:34] EDIT camphyr/controllers/default.py: 0
[2018-06-05 12:29:11] EDIT camphyr/controllers/default.py: 0
[2018-06-05 12:30:59] EDIT camphyr/controllers/default.py: 8
[2018-06-05 12:32:48] EDIT camphyr/controllers/default.py: -11
[2018-06-05 12:36:42] EDIT camphyr/controllers/default.py: 0
[2018-06-05 12:37:58] EDIT camphyr/controllers/default.py: 0
[2018-06-05 12:41:08] EDIT camphyr/controllers/default.py: 0
[2018-06-05 12:41:08] EDIT camphyr/controllers/default.py: 0
[2018-06-05 12:41:09] EDIT camphyr/controllers/default.py: 0
[2018-06-05 12:41:09] EDIT camphyr/controllers/default.py: 0
[2018-06-05 12:41:10] EDIT camphyr/controllers/default.py: 0
[2018-06-05 12:41:11] EDIT camphyr/controllers/default.py: 0
[2018-06-05 12:44:30] EDIT camphyr/controllers/default.py: 3
[2018-06-05 12:45:04] EDIT camphyr/controllers/default.py: 0
[2018-06-05 12:46:09] EDIT camphyr/controllers/default.py: -1
[2018-06-05 12:50:06] EDIT camphyr/controllers/default.py: 6
[2018-06-05 12:50:50] EDIT camphyr/controllers/default.py: 0
[2018-06-05 12:50:50] EDIT camphyr/controllers/default.py: 0
[2018-06-05 12:50:50] EDIT camphyr/controllers/default.py: 0
[2018-06-05 12:52:37] EDIT camphyr/controllers/default.py: 0
[2018-06-05 12:53:22] EDIT camphyr/controllers/default.py: 0
[2018-06-05 12:54:32] EDIT camphyr/controllers/default.py: 0
[2018-06-05 12:54:47] EDIT camphyr/controllers/default.py: 0
[2018-06-05 12:55:34] EDIT camphyr/controllers/default.py: 0
[2018-06-05 12:58:36] EDIT camphyr/controllers/default.py: 1
[2018-06-05 12:58:41] EDIT camphyr/controllers/default.py: -1
[2018-06-05 13:00:05] EDIT camphyr/controllers/default.py: -6
[2018-06-05 13:08:20] EDIT camphyr/controllers/default.py: 4
[2018-06-05 13:10:56] EDIT camphyr/controllers/default.py: 6
[2018-06-05 13:11:23] EDIT camphyr/controllers/default.py: 0
[2018-06-05 13:11:24] EDIT camphyr/controllers/default.py: 0
[2018-06-05 13:13:36] EDIT camphyr/controllers/default.py: 0
[2018-06-05 13:15:04] EDIT camphyr/controllers/default.py: -10
[2018-06-05 13:20:32] EDIT camphyr/models/tables.py: 0
[2018-06-05 13:21:03] EDIT camphyr/models/tables.py: 0
[2018-06-05 13:22:02] EDIT camphyr/models/tables.py: 0
[2018-06-05 13:22:21] EDIT camphyr/controllers/default.py: 0
[2018-06-05 13:22:45] EDIT camphyr/controllers/default.py: 0
[2018-06-05 13:23:03] EDIT camphyr/controllers/default.py: 0
[2018-06-05 13:24:03] EDIT camphyr/controllers/default.py: 0
[2018-06-05 13:24:28] EDIT camphyr/controllers/default.py: 0
[2018-06-05 13:24:37] EDIT camphyr/controllers/default.py: 0
[2018-06-05 13:25:56] EDIT camphyr/models/tables.py: 0
[2018-06-05 13:28:26] EDIT camphyr/models/tables.py: 1
[2018-06-05 13:30:14] EDIT camphyr/controllers/default.py: 1
[2018-06-05 13:30:36] EDIT camphyr/controllers/default.py: 0
[2018-06-05 13:31:18] EDIT camphyr/controllers/default.py: 0
[2018-06-05 13:36:17] EDIT camphyr/controllers/default.py: 1
[2018-06-05 13:38:00] EDIT camphyr/controllers/default.py: 1
[2018-06-05 13:38:33] EDIT camphyr/controllers/default.py: 0
[2018-06-05 13:38:46] EDIT camphyr/controllers/default.py: 0
[2018-06-05 13:38:47] EDIT camphyr/controllers/default.py: 0
[2018-06-05 13:38:47] EDIT camphyr/controllers/default.py: 0
[2018-06-05 13:39:02] EDIT camphyr/controllers/default.py: 0
[2018-06-05 13:39:03] EDIT camphyr/controllers/default.py: 0
[2018-06-05 13:39:03] EDIT camphyr/controllers/default.py: 0
[2018-06-05 13:39:12] EDIT camphyr/controllers/default.py: 0
[2018-06-05 13:39:12] EDIT camphyr/controllers/default.py: 0
[2018-06-05 13:40:25] EDIT camphyr/controllers/default.py: 0
[2018-06-05 13:40:26] EDIT camphyr/controllers/default.py: 0
[2018-06-05 13:40:26] EDIT camphyr/controllers/default.py: 0
[2018-06-05 13:40:26] EDIT camphyr/controllers/default.py: 0
[2018-06-05 13:40:42] EDIT camphyr/controllers/default.py: -1
[2018-06-05 13:40:42] EDIT camphyr/controllers/default.py: 0
[2018-06-05 13:40:57] EDIT camphyr/controllers/default.py: 0
[2018-06-05 13:40:57] EDIT camphyr/controllers/default.py: 0
[2018-06-05 13:41:08] EDIT camphyr/controllers/default.py: 0
[2018-06-05 13:41:13] EDIT camphyr/controllers/default.py: 0
[2018-06-05 13:43:00] EDIT camphyr/controllers/default.py: 0
[2018-06-05 13:43:47] EDIT camphyr/controllers/default.py: 0
[2018-06-05 13:44:01] EDIT camphyr/controllers/default.py: -1
[2018-06-05 13:45:08] EDIT camphyr/controllers/default.py: 1
[2018-06-05 13:46:40] EDIT camphyr/controllers/default.py: 0
[2018-06-05 13:46:55] EDIT camphyr/controllers/default.py: 0
[2018-06-05 13:48:16] EDIT camphyr/controllers/default.py: 0
[2018-06-05 13:48:26] EDIT camphyr/controllers/default.py: 0
[2018-06-05 13:48:37] EDIT camphyr/controllers/default.py: 0
[2018-06-05 13:48:46] EDIT camphyr/controllers/default.py: 0
[2018-06-05 13:49:14] EDIT camphyr/controllers/default.py: -1
[2018-06-05 13:50:06] EDIT camphyr/controllers/default.py: 1
[2018-06-05 13:51:26] EDIT camphyr/controllers/default.py: 0
[2018-06-05 13:52:10] EDIT camphyr/models/tables.py: 1
[2018-06-05 13:53:20] EDIT camphyr/models/tables.py: 0
[2018-06-05 13:54:03] EDIT camphyr/controllers/default.py: 0
[2018-06-05 13:54:17] EDIT camphyr/controllers/default.py: 0
[2018-06-05 13:54:40] EDIT camphyr/controllers/default.py: 0
[2018-06-05 13:54:42] EDIT camphyr/controllers/default.py: 0
[2018-06-05 13:54:42] EDIT camphyr/controllers/default.py: 0
[2018-06-05 13:55:00] EDIT camphyr/models/tables.py: 0
[2018-06-05 13:57:39] EDIT camphyr/models/tables.py: 0
[2018-06-05 14:02:03] EDIT camphyr/controllers/default.py: 0
[2018-06-05 14:02:28] EDIT camphyr/models/tables.py: 0
[2018-06-05 14:02:42] EDIT camphyr/models/tables.py: 0
[2018-06-05 14:03:01] EDIT camphyr/models/tables.py: 1
[2018-06-05 14:05:44] EDIT camphyr/models/tables.py: 0
[2018-06-05 14:06:31] EDIT camphyr/models/tables.py: 0
[2018-06-05 14:08:19] EDIT camphyr/models/tables.py: -1
[2018-06-05 14:08:42] EDIT camphyr/models/tables.py: 1
[2018-06-05 14:11:01] EDIT camphyr/models/tables.py: 0
[2018-06-05 14:17:06] EDIT camphyr/controllers/default.py: 0
[2018-06-05 14:20:09] EDIT camphyr/views/default/searches.html: 0
[2018-06-05 14:21:06] EDIT camphyr/views/default/searches.html: 0
[2018-06-05 14:21:59] EDIT camphyr/views/default/searches.html: 0
[2018-06-05 14:22:10] EDIT camphyr/views/default/searches.html: 0
[2018-06-05 14:23:55] EDIT camphyr/views/default/searches.html: 0
[2018-06-05 14:24:00] EDIT camphyr/views/default/edit_profile.html: 0
[2018-06-05 14:24:04] EDIT camphyr/views/default/sample_story_page.html: 0
[2018-06-05 14:24:06] EDIT camphyr/controllers/default.py: 0
[2018-06-05 14:24:09] EDIT camphyr/views/default/user_profile.html: 0
[2018-06-05 14:24:12] EDIT camphyr/models/tables.py: 0
[2018-06-05 14:24:14] EDIT camphyr/views/default/create_story.html: 0
[2018-06-05 14:24:18] EDIT camphyr/views/default/edit_profile.html: 0
[2018-06-05 14:25:12] EDIT camphyr/views/default/user_profile.html: 0
[2018-06-05 14:25:53] EDIT camphyr/views/default/user_profile.html: 0
[2018-06-05 14:26:11] EDIT camphyr/views/default/user_profile.html: 0
[2018-06-05 14:27:50] EDIT camphyr/views/default/index.html: 0
[2018-06-05 14:29:30] EDIT camphyr/views/default/index.html: 0
[2018-06-05 14:29:51] EDIT camphyr/views/default/index.html: 0
[2018-06-05 14:30:38] EDIT camphyr/views/default/index.html: 0
[2018-06-05 14:31:34] EDIT camphyr/views/default/index.html: 0
[2018-06-05 14:35:36] EDIT camphyr/static/css/web2py.css: 0
[2018-06-05 14:38:28] EDIT camphyr/static/css/web2py-bootstrap4.css: 0
[2018-06-05 14:38:54] EDIT camphyr/static/css/web2py-bootstrap4.css: 0
[2018-06-05 14:39:20] EDIT camphyr/static/css/bootstrap.min.css: 0
[2018-06-05 14:41:35] EDIT camphyr/static/css/bootstrap.min.css: 0
[2018-06-05 14:42:36] EDIT camphyr/static/css/camphyr.css: 3
[2018-06-05 14:43:44] EDIT camphyr/static/css/camphyr.css: 0
[2018-06-05 14:47:08] EDIT camphyr/controllers/default.py: 2
[2018-06-05 14:48:54] EDIT camphyr/views/default/sample_story_page.html: 4
[2018-06-05 14:49:18] EDIT camphyr/views/default/sample_story_page.html: 0
[2018-06-05 14:49:51] EDIT camphyr/views/default/sample_story_page.html: 0
[2018-06-05 14:50:10] EDIT camphyr/controllers/default.py: 0
[2018-06-05 14:50:25] EDIT camphyr/controllers/default.py: 0
[2018-06-05 14:50:37] EDIT camphyr/controllers/default.py: 0
[2018-06-05 14:50:49] EDIT camphyr/views/default/sample_story_page.html: 0
[2018-06-05 14:55:49] EDIT camphyr/views/default/user_profile.html: 0
[2018-06-05 15:05:58] DELETE camphyr/views/default/testing_page.html: -14
