[2018-04-17 14:11:48] START
[2018-05-01 00:29:17] CREATE default/test.html: 0
[2018-05-01 00:33:34] EDIT camphyr/views/default/test.html: 7
[2018-05-01 00:34:22] EDIT camphyr/controllers/default.py: 3
[2018-05-01 00:35:00] EDIT camphyr/views/default/test.html: -1
[2018-05-01 00:35:27] EDIT camphyr/views/default/test.html: 0
[2018-05-01 00:35:44] EDIT camphyr/views/default/test.html: 0
[2018-05-01 00:37:37] EDIT camphyr/controllers/default.py: 0
[2018-05-01 00:37:48] EDIT camphyr/views/default/test.html: 0
[2018-05-01 00:39:26] EDIT camphyr/views/default/test.html: 0
[2018-05-01 00:43:35] EDIT camphyr/controllers/default.py: 0
[2018-05-01 12:49:52] EDIT camphyr/views/default/test.html: 0
[2018-05-01 12:51:37] EDIT camphyr/views/default/test.html: 0
[2018-05-01 12:53:10] EDIT camphyr/views/default/test.html: 0
[2018-05-01 12:54:00] EDIT camphyr/views/default/test.html: 0
[2018-05-01 13:03:13] EDIT camphyr/controllers/default.py: 11
[2018-05-01 13:03:29] EDIT camphyr/views/default/test.html: 1
[2018-05-01 13:04:17] EDIT camphyr/controllers/default.py: 0
[2018-05-01 13:06:14] EDIT camphyr/controllers/default.py: 0
[2018-05-01 13:06:52] EDIT camphyr/views/default/test.html: 0
[2018-05-01 13:14:14] EDIT camphyr/views/default/test.html: -1
[2018-05-01 13:15:32] EDIT camphyr/controllers/default.py: 0
[2018-05-01 13:15:48] EDIT camphyr/views/default/test.html: 1
[2018-05-01 13:15:57] EDIT camphyr/views/default/test.html: 0
[2018-05-01 13:18:45] EDIT camphyr/views/default/test.html: 0
[2018-05-01 13:19:12] EDIT camphyr/controllers/default.py: 0
[2018-05-01 13:19:20] EDIT camphyr/views/default/test.html: 0
[2018-05-01 13:19:21] EDIT camphyr/views/default/test.html: 0
[2018-05-01 13:20:28] EDIT camphyr/controllers/default.py: -3
[2018-05-01 13:20:57] EDIT camphyr/views/default/test.html: 0
[2018-05-01 13:21:32] EDIT camphyr/controllers/default.py: 0
[2018-05-01 13:21:40] EDIT camphyr/views/default/test.html: 0
[2018-05-01 13:21:47] EDIT camphyr/views/default/test.html: 0
[2018-05-01 13:21:48] EDIT camphyr/views/default/test.html: 0
[2018-05-01 13:21:48] EDIT camphyr/views/default/test.html: 0
[2018-05-01 13:21:48] EDIT camphyr/views/default/test.html: 0
[2018-05-01 13:22:06] EDIT camphyr/controllers/default.py: 0
[2018-05-01 14:32:46] EDIT camphyr/controllers/default.py: 1
[2018-05-01 14:34:12] EDIT camphyr/controllers/default.py: 0
[2018-05-01 14:34:14] EDIT camphyr/controllers/default.py: 0
[2018-05-01 14:35:47] EDIT camphyr/controllers/default.py: -1
[2018-05-01 14:36:31] EDIT camphyr/views/default/test.html: 1
[2018-05-01 14:36:51] EDIT camphyr/controllers/default.py: -1
[2018-05-01 14:38:08] EDIT camphyr/controllers/default.py: 0
[2018-05-01 14:39:35] EDIT camphyr/views/default/test.html: -1
[2018-05-01 14:39:47] EDIT camphyr/views/default/test.html: 0
[2018-05-01 14:41:31] EDIT camphyr/views/default/test.html: 3
[2018-05-01 19:15:20] EDIT camphyr/controllers/default.py: 1
[2018-05-01 19:18:25] EDIT camphyr/views/default/test.html: 1
[2018-05-01 19:29:10] EDIT camphyr/views/default/test.html: 0
[2018-05-01 19:30:34] EDIT camphyr/views/default/test.html: 0
[2018-05-01 19:31:09] EDIT camphyr/views/default/test.html: -5
[2018-05-01 19:33:24] EDIT camphyr/views/default/test.html: 0
[2018-05-01 19:35:56] EDIT camphyr/controllers/default.py: 0
[2018-05-01 19:41:05] DELETE camphyr/views/default/temp.html: -10
[2018-05-01 20:02:16] EDIT camphyr/models/tables.py: 2
[2018-05-01 20:04:40] EDIT camphyr/controllers/default.py: 3
[2018-05-01 20:07:58] EDIT camphyr/controllers/default.py: -1
[2018-05-01 20:09:09] EDIT camphyr/controllers/default.py: 0
[2018-05-01 20:09:56] EDIT camphyr/views/default/test.html: 0
[2018-05-01 20:10:23] EDIT camphyr/models/tables.py: -2
[2018-05-01 20:10:34] EDIT camphyr/views/default/test.html: 0
[2018-05-01 20:10:49] EDIT camphyr/controllers/default.py: 0
[2018-05-01 20:59:11] EDIT camphyr/models/tables.py: 2
[2018-05-01 21:02:10] EDIT camphyr/models/tables.py: 0
[2018-05-01 21:03:21] EDIT camphyr/views/default/index.html: 0
[2018-05-01 21:41:35] EDIT camphyr/controllers/default.py: 4
[2018-05-01 21:42:59] EDIT camphyr/views/default/index.html: 1
[2018-05-01 21:43:36] EDIT camphyr/controllers/default.py: 0
[2018-05-01 21:43:52] EDIT camphyr/views/default/index.html: 0
[2018-05-01 21:45:22] EDIT camphyr/views/default/index.html: 0
[2018-05-01 21:46:55] EDIT camphyr/views/default/index.html: 0
[2018-05-01 21:47:14] EDIT camphyr/views/default/index.html: 0
[2018-05-01 21:48:02] EDIT camphyr/views/default/index.html: 0
[2018-05-01 21:48:20] EDIT camphyr/views/default/index.html: 0
[2018-05-01 21:48:52] EDIT camphyr/controllers/default.py: 0
[2018-05-01 21:48:55] EDIT camphyr/views/default/index.html: 0
[2018-05-01 21:49:38] EDIT camphyr/views/default/index.html: 0
[2018-05-01 21:52:08] EDIT camphyr/views/default/index.html: 0
[2018-05-01 21:53:46] EDIT camphyr/views/default/index.html: 0
[2018-05-01 21:54:45] EDIT camphyr/views/default/index.html: 0
[2018-05-01 21:55:00] EDIT camphyr/views/default/index.html: 0
[2018-05-01 21:56:00] EDIT camphyr/views/default/index.html: 0
[2018-05-01 21:58:04] EDIT camphyr/controllers/default.py: -3
[2018-05-01 21:59:06] EDIT camphyr/views/default/index.html: 0
[2018-05-01 22:01:11] EDIT camphyr/views/default/index.html: -1
[2018-05-01 22:02:00] EDIT camphyr/views/default/index.html: 1
[2018-05-01 22:02:31] EDIT camphyr/views/default/index.html: 0
[2018-05-01 22:04:08] EDIT camphyr/views/default/index.html: 0
[2018-05-01 22:06:07] EDIT camphyr/controllers/default.py: 3
[2018-05-01 22:06:39] EDIT camphyr/controllers/default.py: 0
[2018-05-01 22:06:39] EDIT camphyr/controllers/default.py: 0
[2018-05-01 22:06:56] EDIT camphyr/views/default/index.html: 0
[2018-05-01 22:08:11] EDIT camphyr/controllers/default.py: -2
[2018-05-01 22:08:43] EDIT camphyr/views/default/index.html: 0
[2018-05-01 22:09:24] EDIT camphyr/views/default/index.html: 0
[2018-05-01 22:10:36] EDIT camphyr/models/tables.py: 0
[2018-05-01 22:10:47] EDIT camphyr/models/tables.py: 0
[2018-05-01 22:11:48] EDIT camphyr/controllers/default.py: 0
[2018-05-01 22:12:09] EDIT camphyr/controllers/default.py: 0
[2018-05-01 22:14:35] EDIT camphyr/controllers/default.py: 2
[2018-05-01 22:15:09] EDIT camphyr/views/default/index.html: 1
[2018-05-01 22:15:09] EDIT camphyr/views/default/index.html: 0
[2018-05-01 22:15:39] EDIT camphyr/controllers/default.py: 0
[2018-05-01 22:16:14] EDIT camphyr/views/default/index.html: -1
[2018-05-01 22:16:15] EDIT camphyr/views/default/index.html: 0
[2018-05-01 22:16:59] EDIT camphyr/controllers/default.py: 0
[2018-05-01 22:39:27] EDIT camphyr/controllers/default.py: 0
[2018-05-02 08:52:54] EDIT camphyr/controllers/default.py: 3
[2018-05-02 09:14:52] EDIT camphyr/controllers/default.py: 4
[2018-05-02 09:15:25] EDIT camphyr/controllers/default.py: 0
[2018-05-02 09:15:44] EDIT camphyr/views/default/index.html: 1
[2018-05-02 09:16:36] EDIT camphyr/controllers/default.py: 0
[2018-05-02 09:17:51] EDIT camphyr/controllers/default.py: 0
[2018-05-02 09:20:56] EDIT camphyr/controllers/default.py: 0
[2018-05-02 09:26:39] EDIT camphyr/views/default/index.html: -1
[2018-05-02 09:26:44] EDIT camphyr/controllers/default.py: 0
[2018-05-02 09:27:01] EDIT camphyr/controllers/default.py: 0
[2018-05-02 09:27:14] EDIT camphyr/controllers/default.py: 0
[2018-05-02 09:28:33] EDIT camphyr/controllers/default.py: 0
[2018-05-02 09:28:54] EDIT camphyr/controllers/default.py: 0
[2018-05-02 09:32:28] EDIT camphyr/controllers/default.py: 0
[2018-05-02 09:33:12] EDIT camphyr/controllers/default.py: 0
[2018-05-02 09:34:33] EDIT camphyr/models/tables.py: 0
[2018-05-02 09:34:49] EDIT camphyr/views/default/index.html: 0
[2018-05-02 09:35:28] EDIT camphyr/views/default/index.html: 0
[2018-05-02 09:35:39] EDIT camphyr/models/tables.py: 0
[2018-05-02 09:35:40] EDIT camphyr/models/tables.py: 0
[2018-05-02 09:37:32] EDIT camphyr/controllers/default.py: 0
[2018-05-02 09:37:42] EDIT camphyr/controllers/default.py: 0
[2018-05-02 09:40:12] EDIT camphyr/views/default/index.html: 1
[2018-05-02 09:40:27] EDIT camphyr/views/default/index.html: 0
[2018-05-02 09:41:16] EDIT camphyr/views/default/index.html: 0
[2018-05-02 09:50:45] EDIT camphyr/views/default/index.html: -1
[2018-05-02 09:58:31] EDIT camphyr/views/default/index.html: 0
[2018-05-02 10:07:51] EDIT camphyr/controllers/default.py: 6
[2018-05-02 10:08:32] EDIT camphyr/controllers/default.py: 0
[2018-05-02 10:10:40] EDIT camphyr/controllers/default.py: 0
[2018-05-02 10:12:50] EDIT camphyr/controllers/default.py: 0
[2018-05-02 10:13:28] DELETE camphyr/views/default/test.html: -9
[2018-05-02 10:13:51] CREATE default/sample_story_page.html: 0
[2018-05-02 10:14:02] EDIT camphyr/views/default/sample_story_page.html: 6
[2018-05-02 10:15:58] EDIT camphyr/views/default/sample_story_page.html: 0
[2018-05-02 10:16:31] EDIT camphyr/controllers/default.py: 0
[2018-05-02 10:16:31] EDIT camphyr/controllers/default.py: 0
[2018-05-02 10:16:32] EDIT camphyr/controllers/default.py: 0
[2018-05-02 10:18:35] EDIT camphyr/controllers/default.py: 0
[2018-05-02 10:18:37] EDIT camphyr/controllers/default.py: 0
[2018-05-02 10:18:59] EDIT camphyr/views/default/sample_story_page.html: 0
[2018-05-02 10:19:17] EDIT camphyr/views/default/sample_story_page.html: 0
[2018-05-02 10:19:17] EDIT camphyr/views/default/sample_story_page.html: 0
[2018-05-02 10:19:17] EDIT camphyr/views/default/sample_story_page.html: 0
[2018-05-02 10:19:29] EDIT camphyr/controllers/default.py: 0
[2018-05-02 10:24:35] EDIT camphyr/views/default/index.html: 1
[2018-05-02 10:25:02] EDIT camphyr/views/default/index.html: 0
[2018-05-02 10:25:29] EDIT camphyr/views/default/index.html: 1
[2018-05-02 10:26:42] EDIT camphyr/controllers/default.py: 0
[2018-05-02 10:38:49] EDIT camphyr/controllers/default.py: 1
[2018-05-02 10:44:36] EDIT camphyr/controllers/default.py: -1
[2018-05-15 01:07:50] EDIT camphyr2/views/default/sample_story_page.html: 56
[2018-05-15 01:08:20] EDIT camphyr2/views/default/sample_story_page.html: 6
[2018-05-15 01:09:58] EDIT camphyr2/models/tables.py: 2
[2018-05-15 01:12:34] EDIT camphyr2/controllers/default.py: 3
[2018-05-15 01:12:35] EDIT camphyr2/controllers/default.py: 0
[2018-05-15 01:15:07] EDIT camphyr2/controllers/default.py: 1
[2018-05-15 01:15:13] EDIT camphyr2/controllers/default.py: 0
[2018-05-15 01:19:08] EDIT camphyr2/controllers/default.py: 10
[2018-05-15 01:20:41] EDIT camphyr2/controllers/default.py: 0
[2018-05-15 01:24:04] EDIT camphyr2/controllers/default.py: 0
[2018-05-15 01:24:13] EDIT camphyr2/controllers/default.py: 0
[2018-05-15 01:24:13] EDIT camphyr2/controllers/default.py: 0
[2018-05-15 01:24:15] EDIT camphyr2/views/default/index.html: 0
[2018-05-15 01:24:15] EDIT camphyr2/views/default/index.html: 0
[2018-05-15 01:24:15] EDIT camphyr2/views/default/index.html: 0
[2018-05-15 01:24:17] EDIT camphyr2/models/tables.py: 0
[2018-05-15 01:24:17] EDIT camphyr2/models/tables.py: 0
[2018-05-15 01:24:19] EDIT camphyr2/views/default/sample_story_page.html: 0
[2018-05-15 01:27:54] EDIT camphyr2/views/default/sample_story_page.html: 0
[2018-05-15 01:28:43] EDIT camphyr2/views/layout.html: 1
[2018-05-15 01:28:51] EDIT camphyr2/views/layout.html: 0
[2018-05-15 01:30:03] CREATE css/camphyr.css: 0
[2018-05-15 01:30:47] EDIT camphyr2/static/css/camphyr.css: 11
[2018-05-15 01:31:04] EDIT camphyr2/static/css/camphyr.css: 0
[2018-05-15 01:33:43] EDIT camphyr2/controllers/default.py: 0
[2018-05-15 01:35:38] EDIT camphyr2/controllers/default.py: 0
[2018-05-15 01:36:42] EDIT camphyr2/controllers/default.py: 0
[2018-05-15 01:38:27] EDIT camphyr2/views/default/sample_story_page.html: 0
[2018-05-15 01:42:47] EDIT camphyr2/views/default/sample_story_page.html: 0
[2018-05-15 01:44:23] EDIT camphyr2/views/default/sample_story_page.html: 0
[2018-05-15 01:47:08] EDIT camphyr2/views/default/sample_story_page.html: 0
[2018-05-15 01:49:27] EDIT camphyr2/controllers/default.py: 1
[2018-05-15 01:50:02] EDIT camphyr2/controllers/default.py: 1
[2018-05-15 01:50:03] EDIT camphyr2/controllers/default.py: 0
[2018-05-15 01:51:26] EDIT camphyr2/controllers/default.py: 0
[2018-05-15 01:51:53] EDIT camphyr2/controllers/default.py: 0
[2018-05-15 01:52:20] EDIT camphyr2/views/default/sample_story_page.html: 0
[2018-05-15 12:12:42] DELETE camphyr2/views/default/sample_story_page.html.1: -76
[2018-05-15 12:26:37] EDIT camphyr2/controllers/default.py: 0
[2018-05-15 12:26:44] EDIT camphyr2/views/default/sample_story_page.html: 0
[2018-05-15 12:27:56] EDIT camphyr2/controllers/default.py: 0
[2018-05-15 13:33:44] EDIT camphyr2/views/default/sample_story_page.html: 0
[2018-05-15 14:39:45] CREATE default/testing_page.html: 0
[2018-05-15 14:40:40] EDIT camphyr/controllers/default.py: 2
[2018-05-15 14:43:55] EDIT camphyr/views/default/testing_page.html: 0
[2018-05-15 14:44:29] EDIT camphyr/views/default/testing_page.html: -1
[2018-05-15 14:44:35] EDIT camphyr/views/default/testing_page.html: 0
[2018-05-15 14:44:35] EDIT camphyr/views/default/testing_page.html: 0
[2018-05-15 14:45:22] EDIT camphyr/controllers/default.py: 0
[2018-05-15 14:51:46] EDIT camphyr/controllers/default.py: 2
[2018-05-15 14:52:17] CREATE default/create_story.html: 0
[2018-05-15 14:54:17] EDIT camphyr/views/default/testing_page.html: 0
[2018-05-15 14:54:20] EDIT camphyr/views/default/create_story.html: 0
[2018-05-15 14:54:43] EDIT camphyr/views/default/testing_page.html: 0
[2018-05-15 14:54:48] EDIT camphyr/views/default/create_story.html: 0
[2018-05-15 14:56:07] EDIT camphyr/views/default/testing_page.html: 0
[2018-05-15 15:01:49] EDIT camphyr/controllers/default.py: 3
[2018-05-15 15:01:58] EDIT camphyr/views/default/create_story.html: 0
[2018-05-15 15:02:28] EDIT camphyr/views/default/create_story.html: -1
[2018-05-15 15:02:56] EDIT camphyr/controllers/default.py: 2
[2018-05-15 15:03:21] EDIT camphyr/controllers/default.py: 0
[2018-05-15 15:03:43] EDIT camphyr/controllers/default.py: 0
[2018-05-15 15:04:11] EDIT camphyr/controllers/default.py: 0
[2018-05-15 15:04:25] EDIT camphyr/controllers/default.py: 0
[2018-05-15 15:04:41] EDIT camphyr/controllers/default.py: 0
[2018-05-15 15:11:48] EDIT camphyr/controllers/default.py: 0
[2018-05-15 15:11:49] EDIT camphyr/controllers/default.py: 0
[2018-05-15 15:11:49] EDIT camphyr/controllers/default.py: 0
[2018-05-15 15:11:49] EDIT camphyr/controllers/default.py: 0
[2018-05-15 15:11:49] EDIT camphyr/controllers/default.py: 0
[2018-05-15 15:11:50] EDIT camphyr/controllers/default.py: 0
[2018-05-15 15:11:50] EDIT camphyr/controllers/default.py: 0
[2018-05-15 15:11:50] EDIT camphyr/controllers/default.py: 0
[2018-05-15 15:11:50] EDIT camphyr/controllers/default.py: 0
[2018-05-15 15:11:50] EDIT camphyr/controllers/default.py: 0
[2018-05-15 15:12:04] EDIT camphyr/controllers/default.py: 1
[2018-05-15 15:12:29] EDIT camphyr/controllers/default.py: 1
[2018-05-15 15:12:37] EDIT camphyr/controllers/default.py: 0
[2018-05-15 15:12:49] EDIT camphyr/controllers/default.py: 0
[2018-05-15 15:13:45] EDIT camphyr/controllers/default.py: 7
[2018-05-15 15:15:29] EDIT camphyr/models/tables.py: 4
[2018-05-15 15:16:01] EDIT camphyr/models/tables.py: 1
[2018-05-15 15:16:03] EDIT camphyr/models/tables.py: 0
[2018-05-15 15:16:15] EDIT camphyr/models/tables.py: 0
[2018-05-15 15:16:54] EDIT camphyr/models/tables.py: 3
[2018-05-15 15:20:23] EDIT camphyr/controllers/default.py: 1
[2018-05-15 15:20:38] EDIT camphyr/controllers/default.py: 0
[2018-05-15 15:20:39] EDIT camphyr/controllers/default.py: 0
[2018-05-15 15:20:40] EDIT camphyr/controllers/default.py: 0
[2018-05-15 15:21:11] EDIT camphyr/models/tables.py: -1
[2018-05-15 15:21:55] EDIT camphyr/controllers/default.py: 0
[2018-05-15 15:23:06] EDIT camphyr/controllers/default.py: 1
[2018-05-15 15:27:42] EDIT camphyr/controllers/default.py: 4
[2018-05-15 15:29:36] EDIT camphyr/views/default/testing_page.html: 1
[2018-05-15 15:34:14] EDIT camphyr/views/default/testing_page.html: 8
[2018-05-15 15:35:20] EDIT camphyr/controllers/default.py: 1
[2018-05-15 15:35:35] EDIT camphyr/controllers/default.py: 1
[2018-05-15 15:36:01] EDIT camphyr/controllers/default.py: 0
[2018-05-15 15:36:44] EDIT camphyr/controllers/default.py: 0
[2018-05-15 15:37:13] EDIT camphyr/controllers/default.py: 0
[2018-05-15 15:37:14] EDIT camphyr/controllers/default.py: 0
[2018-05-15 15:37:25] EDIT camphyr/views/default/testing_page.html: 0
[2018-05-15 15:43:47] EDIT camphyr/views/default/testing_page.html: 14
[2018-05-15 15:43:49] EDIT camphyr/views/default/testing_page.html: 0
[2018-05-15 15:45:28] EDIT camphyr/views/default/testing_page.html: 0
[2018-05-15 15:49:40] EDIT camphyr/views/default/testing_page.html: 0
[2018-05-15 15:49:46] EDIT camphyr/views/default/testing_page.html: 0
[2018-05-15 15:50:26] EDIT camphyr/views/default/testing_page.html: 0
[2018-05-15 15:54:48] EDIT camphyr/controllers/default.py: 0
[2018-05-15 16:01:47] EDIT camphyr/controllers/default.py: 1
[2018-05-15 16:08:08] EDIT camphyr/views/default/testing_page.html: 2
[2018-05-15 16:11:14] EDIT camphyr/views/default/testing_page.html: 0
[2018-05-15 16:24:32] EDIT camphyr/controllers/default.py: 0
[2018-05-15 16:24:34] EDIT camphyr/controllers/default.py: 0
[2018-05-15 16:24:34] EDIT camphyr/controllers/default.py: 0
[2018-05-15 16:24:48] EDIT camphyr/controllers/default.py: -1
[2018-05-15 16:27:50] EDIT camphyr/views/default/testing_page.html: 7
[2018-05-15 16:28:15] EDIT camphyr/views/default/testing_page.html: -23
[2018-05-15 16:28:41] EDIT camphyr/views/default/testing_page.html: 1
[2018-05-15 16:29:12] EDIT camphyr/controllers/default.py: -6
[2018-05-15 16:29:49] EDIT camphyr/static/css/camphyr.css: 4
[2018-05-15 16:30:17] EDIT camphyr/static/css/camphyr.css: 4
[2018-05-15 16:30:23] EDIT camphyr/static/css/camphyr.css: 0
[2018-05-15 16:31:05] EDIT camphyr/static/css/camphyr.css: 0
[2018-05-15 16:31:20] EDIT camphyr/static/css/camphyr.css.1: 8
[2018-05-15 16:32:01] EDIT camphyr/views/default/testing_page.html: 0
[2018-05-15 16:32:53] EDIT camphyr/static/css/camphyr.css: 0
[2018-05-15 17:12:52] EDIT camphyr/views/layout.html: 0
[2018-05-15 17:13:05] EDIT camphyr/views/layout.html: 0
[2018-05-15 17:13:07] EDIT camphyr/views/layout.html: 0
[2018-05-15 17:13:07] EDIT camphyr/views/layout.html: 0
[2018-05-15 17:13:07] EDIT camphyr/views/layout.html: 0
[2018-05-15 17:16:14] EDIT camphyr/views/layout.html: 1
[2018-05-15 17:16:24] EDIT camphyr/views/layout.html: 0
[2018-05-15 17:18:49] EDIT camphyr/views/layout.html: 0
[2018-05-15 17:18:57] EDIT camphyr/views/layout.html: 0
[2018-05-15 17:22:21] EDIT camphyr/views/default/sample_story_page.html: 1
[2018-05-15 17:22:29] EDIT camphyr/views/default/sample_story_page.html: 0
[2018-05-15 17:22:30] EDIT camphyr/views/default/sample_story_page.html: 0
[2018-05-15 17:22:40] EDIT camphyr/views/default/testing_page.html: 1
[2018-05-15 17:23:55] EDIT camphyr/views/web2py_ajax.html: 1
[2018-05-15 17:24:40] EDIT camphyr/static/css/camphyr.css: 0
[2018-05-15 17:25:25] EDIT camphyr/views/default/testing_page.html: -1
[2018-05-15 17:25:33] EDIT camphyr/views/default/sample_story_page.html: -1
[2018-05-15 17:26:09] DELETE camphyr/static/css/camphyr.css.1: -19
[2018-05-15 17:28:41] EDIT camphyr/views/default/testing_page.html: 0
[2018-05-15 17:28:43] EDIT camphyr/views/default/testing_page.html: 0
[2018-05-15 18:33:30] EDIT camphyr/static/css/camphyr.css: -2
[2018-05-15 18:34:04] EDIT camphyr/views/default/testing_page.html: 0
[2018-05-15 18:37:11] EDIT camphyr/views/default/testing_page.html: 0
[2018-05-15 18:37:31] EDIT camphyr/controllers/default.py: 0
[2018-05-16 14:26:06] EDIT camphyr/views/default/testing_page.html: -1
[2018-05-16 14:26:26] EDIT camphyr/views/default/testing_page.html: 0
[2018-05-16 14:27:27] EDIT camphyr/static/css/camphyr.css: 1
[2018-05-16 14:28:03] EDIT camphyr/static/css/camphyr.css: 1
[2018-05-16 14:28:12] EDIT camphyr/static/css/camphyr.css: 0
[2018-05-16 14:28:13] EDIT camphyr/static/css/camphyr.css: 0
[2018-05-16 14:28:13] EDIT camphyr/static/css/camphyr.css: 0
[2018-05-16 14:28:39] EDIT camphyr/static/css/camphyr.css: -4
[2018-05-16 14:28:39] EDIT camphyr/static/css/camphyr.css: 0
[2018-05-16 14:28:56] EDIT camphyr/static/css/camphyr.css: -4
[2018-05-16 14:29:19] EDIT camphyr/views/default/testing_page.html: 0
[2018-05-16 14:29:39] EDIT camphyr/views/default/testing_page.html: 0
[2018-05-16 14:29:58] EDIT camphyr/static/css/camphyr.css: 5
[2018-05-16 14:30:53] EDIT camphyr/views/default/testing_page.html: 0
[2018-05-16 14:30:59] EDIT camphyr/static/css/camphyr.css: 0
[2018-05-16 14:31:30] EDIT camphyr/static/css/camphyr.css: -2
[2018-05-16 14:31:42] EDIT camphyr/static/css/camphyr.css: 1
[2018-05-16 14:31:55] EDIT camphyr/views/default/testing_page.html: 0
[2018-05-16 14:32:09] EDIT camphyr/views/default/testing_page.html: 0
[2018-05-16 14:32:15] EDIT camphyr/static/css/camphyr.css: -1
[2018-05-16 14:32:37] EDIT camphyr/static/css/camphyr.css: 0
[2018-05-16 14:33:06] EDIT camphyr/static/css/camphyr.css: 0
[2018-05-16 14:33:26] EDIT camphyr/static/css/camphyr.css: 0
[2018-05-16 14:33:46] EDIT camphyr/static/css/camphyr.css: 0
[2018-05-16 14:37:08] EDIT camphyr/views/default/testing_page.html: -2
[2018-05-16 14:37:33] EDIT camphyr/static/css/camphyr.css: 0
[2018-05-16 14:38:08] EDIT camphyr/views/default/testing_page.html: 2
[2018-05-16 14:40:29] EDIT camphyr/views/layout.html: 1
[2018-05-16 14:42:07] EDIT camphyr/views/layout.html: -1
[2018-05-16 14:42:50] EDIT camphyr/static/css/camphyr.css: 0
[2018-05-16 14:42:52] EDIT camphyr/static/css/camphyr.css: 0
[2018-05-16 14:42:52] EDIT camphyr/static/css/camphyr.css: 0
[2018-05-16 14:42:52] EDIT camphyr/static/css/camphyr.css: 0
[2018-05-16 14:42:52] EDIT camphyr/static/css/camphyr.css: 0
[2018-05-16 14:42:52] EDIT camphyr/static/css/camphyr.css: 0
[2018-05-16 14:42:52] EDIT camphyr/static/css/camphyr.css: 0
[2018-05-16 14:42:52] EDIT camphyr/static/css/camphyr.css: 0
[2018-05-16 14:42:52] EDIT camphyr/static/css/camphyr.css: 0
[2018-05-16 14:42:53] EDIT camphyr/static/css/camphyr.css: 0
[2018-05-16 14:42:53] EDIT camphyr/static/css/camphyr.css: 0
[2018-05-16 14:42:53] EDIT camphyr/static/css/camphyr.css: 0
[2018-05-16 14:42:53] EDIT camphyr/static/css/camphyr.css: 0
[2018-05-16 14:42:54] EDIT camphyr/static/css/camphyr.css: 0
[2018-05-16 14:42:55] EDIT camphyr/static/css/camphyr.css: 0
[2018-05-16 14:44:58] DELETE camphyr/static/css/camphyr.css.1.bak: -11
[2018-05-16 14:45:08] DELETE camphyr/static/css/camphyr.css.bak: -14
[2018-05-16 14:46:09] DELETE camphyr/static/css/camphyr.css: -14
[2018-05-16 14:46:26] CREATE css/camphyr.css: 0
[2018-05-16 14:46:56] EDIT camphyr/static/css/camphyr.css: 14
[2018-05-16 14:47:31] EDIT camphyr/views/layout.html: -2
[2018-05-16 14:47:47] EDIT camphyr/views/layout.html: 0
[2018-05-16 14:47:50] EDIT camphyr/static/css/camphyr.css: 0
[2018-05-16 14:52:05] EDIT camphyr/views/default/sample_story_page.html: 0
[2018-05-16 14:52:53] DELETE camphyr/static/css/camphyr.css.bak: -14
[2018-05-16 14:53:01] DELETE camphyr/static/css/camphyr.css: -14
[2018-05-16 14:55:47] EDIT camphyr/views/default/sample_story_page.html: 0
[2018-05-16 14:56:05] EDIT camphyr/views/default/sample_story_page.html: 0
[2018-05-16 14:56:35] EDIT camphyr/views/default/sample_story_page.html: 0
[2018-05-16 14:57:40] EDIT camphyr/views/default/sample_story_page.html: 0
[2018-05-16 15:00:14] EDIT camphyr/views/web2py_ajax.html: -1
[2018-05-16 15:00:31] EDIT camphyr/views/web2py_ajax.html: 0
[2018-05-16 15:00:41] EDIT camphyr/views/web2py_ajax.html: 0
[2018-05-16 15:01:39] CREATE css/camphyr.css: 0
[2018-05-16 15:03:30] EDIT camphyr/views/layout.html: 1
[2018-05-16 15:04:23] EDIT camphyr/static/css/camphyr.css: 2
[2018-05-16 15:04:29] EDIT camphyr/static/css/camphyr.css: 0
[2018-05-16 15:04:40] EDIT camphyr/views/layout.html: 0
[2018-05-16 15:05:07] EDIT camphyr/views/layout.html: 0
[2018-05-16 15:08:23] EDIT camphyr/views/layout.html: 0
[2018-05-16 15:09:18] DELETE camphyr/static/css/camphyr.css: -2
[2018-05-16 15:09:25] DELETE camphyr/static/css/camphyr.css.bak: -2
[2018-05-16 15:09:43] CREATE css/style.css: 0
[2018-05-16 15:10:00] EDIT camphyr/views/default/create_story.html: 0
[2018-05-16 15:11:57] EDIT camphyr/static/css/style.css: 2
[2018-05-16 15:13:01] EDIT camphyr/static/css/style.css: 1
[2018-05-16 15:13:16] EDIT camphyr/static/css/style.css: 1
[2018-05-16 15:13:30] EDIT camphyr/static/css/style.css: 1
[2018-05-16 15:14:30] EDIT camphyr/static/css/style.css: 7
[2018-05-16 15:14:31] EDIT camphyr/static/css/style.css: 0
[2018-05-16 15:15:36] EDIT camphyr/static/css/style.css: 2
[2018-05-16 15:15:56] EDIT camphyr/static/css/style.css: 2
[2018-05-16 15:16:20] EDIT camphyr/views/default/testing_page.html: 0
[2018-05-16 15:16:39] EDIT camphyr/static/css/style.css: 1
[2018-05-16 15:18:49] EDIT camphyr/views/default/testing_page.html: 0
[2018-05-16 15:22:06] EDIT camphyr/views/default/testing_page.html: 0
[2018-05-16 15:22:53] EDIT camphyr/views/default/testing_page.html: 0
[2018-05-16 15:23:40] EDIT camphyr/views/default/testing_page.html: 0
[2018-05-16 15:23:56] EDIT camphyr/views/default/testing_page.html: 0
[2018-05-16 15:24:14] EDIT camphyr/views/default/testing_page.html: 0
[2018-05-16 15:24:58] EDIT camphyr/views/default/testing_page.html: 0
[2018-05-16 15:25:40] EDIT camphyr/views/default/testing_page.html: 0
[2018-05-16 15:26:16] EDIT camphyr/views/default/testing_page.html: 0
[2018-05-18 00:07:07] EDIT camphyr/views/default/testing_page.html: 0
[2018-05-18 00:08:01] EDIT camphyr/views/default/testing_page.html: 0
[2018-05-18 00:10:21] EDIT camphyr/views/default/testing_page.html: 0
[2018-05-18 00:13:27] EDIT camphyr/views/default/testing_page.html: 1
[2018-05-18 00:13:36] EDIT camphyr/views/default/testing_page.html: 0
[2018-05-18 00:14:02] EDIT camphyr/views/default/testing_page.html: 0
[2018-05-18 00:14:18] EDIT camphyr/views/default/testing_page.html: 0
[2018-05-18 00:36:02] EDIT camphyr/views/default/testing_page.html: 0
[2018-05-18 00:36:02] EDIT camphyr/views/default/testing_page.html: 0
[2018-05-18 00:36:17] EDIT camphyr/views/default/testing_page.html: 0
[2018-05-18 00:39:54] EDIT camphyr/views/default/testing_page.html: 0
[2018-05-18 00:40:11] EDIT camphyr/views/default/testing_page.html: 0
[2018-05-18 00:40:14] EDIT camphyr/views/default/testing_page.html: 0
[2018-05-18 09:48:25] EDIT camphyr/views/default/testing_page.html: 0
[2018-05-18 09:49:21] EDIT camphyr/views/default/testing_page.html: 0
[2018-05-18 09:50:30] EDIT camphyr/views/default/testing_page.html: 0
[2018-05-18 09:51:16] EDIT camphyr/views/default/testing_page.html: 0
[2018-05-18 10:09:04] CREATE default/testing_page/story.html: 0
[2018-05-18 10:09:45] EDIT camphyr/views/default/testing_page.html: 0
[2018-05-18 10:11:39] EDIT camphyr/views/default/testing_page.html: 0
[2018-05-18 10:11:41] EDIT camphyr/views/default/testing_page.html: 0
[2018-05-18 10:19:18] EDIT camphyr/controllers/default.py: 4
[2018-05-18 10:19:34] EDIT camphyr/controllers/default.py: 0
[2018-05-18 10:19:37] EDIT camphyr/controllers/default.py: 0
[2018-05-18 10:19:45] EDIT camphyr/controllers/default.py: 0
[2018-05-18 10:20:35] EDIT camphyr/views/default/testing_page/story.html: 0
[2018-05-18 10:20:59] EDIT camphyr/views/default/testing_page/story.html: 0
[2018-05-18 10:21:02] EDIT camphyr/controllers/default.py: 0
[2018-05-18 10:21:30] EDIT camphyr/views/default/testing_page/story.html: 0
[2018-05-18 10:27:20] EDIT camphyr/controllers/default.py: 0
[2018-05-18 10:27:42] EDIT camphyr/views/default/testing_page.html: 0
[2018-05-18 10:27:45] EDIT camphyr/views/default/testing_page.html: 0
[2018-05-18 10:27:46] EDIT camphyr/views/default/testing_page.html: 0
[2018-05-18 10:36:48] CREATE default/story.html: 0
[2018-05-18 10:37:10] EDIT camphyr/views/default/testing_page/story.html: 0
[2018-05-18 10:37:41] EDIT camphyr/views/default/story.html: 0
[2018-05-18 10:37:53] EDIT camphyr/views/default/testing_page.html: 0
[2018-05-18 10:41:48] EDIT camphyr/controllers/default.py: 0
[2018-05-18 10:43:06] EDIT camphyr/controllers/default.py: 0
[2018-05-18 10:43:07] EDIT camphyr/controllers/default.py: 0
[2018-05-18 10:43:42] EDIT camphyr/controllers/default.py: 0
[2018-05-18 10:44:07] EDIT camphyr/controllers/default.py: 0
[2018-05-18 10:44:45] EDIT camphyr/views/default/story.html: 1
[2018-05-18 10:49:32] EDIT camphyr/controllers/default.py: 0
[2018-05-18 10:51:15] EDIT camphyr/controllers/default.py: 0
[2018-05-18 10:51:41] EDIT camphyr/controllers/default.py: 0
[2018-05-18 10:51:44] EDIT camphyr/models/tables.py: 0
[2018-05-18 10:51:49] EDIT camphyr/views/default/testing_page.html: 0
[2018-05-18 10:52:32] EDIT camphyr/models/tables.py: 0
[2018-05-18 10:52:40] EDIT camphyr/models/tables.py: 0
[2018-05-18 10:52:44] EDIT camphyr/controllers/default.py: 0
[2018-05-18 10:52:47] EDIT camphyr/views/default/testing_page.html: 0
[2018-05-18 10:52:50] EDIT camphyr/views/default/story.html: 0
[2018-05-18 10:52:53] EDIT camphyr/views/default/testing_page/story.html: 0
[2018-05-18 10:53:22] DELETE camphyr/views/default/testing_page/story.html: -3
[2018-05-18 10:56:20] EDIT camphyr/views/default/testing_page.html: 2
[2018-05-18 10:56:29] EDIT camphyr/controllers/default.py: 0
[2018-05-18 10:56:58] EDIT camphyr/views/default/story.html: 2
[2018-05-18 11:15:20] EDIT camphyr/views/default/story.html: 0
[2018-05-18 11:15:22] EDIT camphyr/views/default/testing_page.html: 0
[2018-05-18 11:15:24] EDIT camphyr/controllers/default.py: 0
[2018-05-18 11:16:05] EDIT camphyr/views/default/create_story.html: 2
[2018-05-18 11:17:23] EDIT camphyr/controllers/default.py: 0
[2018-05-18 11:17:32] EDIT camphyr/controllers/default.py: 0
[2018-05-21 17:44:22] EDIT camphyr/controllers/default.py: 0
[2018-05-21 17:44:46] EDIT camphyr/controllers/default.py: 0
[2018-05-21 17:46:16] EDIT camphyr/controllers/default.py: 0
[2018-05-21 17:46:17] EDIT camphyr/controllers/default.py: 0
[2018-05-21 17:56:36] EDIT camphyr/views/default/user_profile.html: 6
[2018-05-21 18:03:24] EDIT camphyr/controllers/default.py: -2
[2018-05-21 18:04:42] EDIT camphyr/models/tables.py: 0
[2018-05-21 18:11:43] EDIT camphyr/controllers/default.py: 4
[2018-05-21 18:11:49] EDIT camphyr/controllers/default.py: 0
[2018-05-21 18:12:08] EDIT camphyr/controllers/default.py: 0
[2018-05-21 18:12:09] EDIT camphyr/controllers/default.py: 0
[2018-05-21 18:12:25] EDIT camphyr/controllers/default.py: 0
[2018-05-21 18:12:25] EDIT camphyr/controllers/default.py: 0
[2018-05-21 18:12:26] EDIT camphyr/controllers/default.py: 0
[2018-05-21 18:12:26] EDIT camphyr/controllers/default.py: 0
[2018-05-21 18:12:26] EDIT camphyr/controllers/default.py: 0
[2018-05-21 18:12:26] EDIT camphyr/controllers/default.py: 0
[2018-05-21 18:12:26] EDIT camphyr/controllers/default.py: 0
[2018-05-21 18:12:26] EDIT camphyr/controllers/default.py: 0
[2018-05-21 18:12:26] EDIT camphyr/controllers/default.py: 0
[2018-05-21 18:12:27] EDIT camphyr/controllers/default.py: 0
[2018-05-21 18:12:35] EDIT camphyr/controllers/default.py: -1
[2018-05-21 19:04:52] EDIT camphyr/views/default/user_profile.html: 1
[2018-05-21 19:07:27] CREATE default/user_story.html: 0
[2018-05-21 19:08:37] EDIT camphyr/views/default/user_story.html: 5
[2018-05-21 19:08:59] EDIT camphyr/views/default/user_profile.html: 0
[2018-05-21 19:09:51] EDIT camphyr/views/default/create_story.html: 0
[2018-05-21 19:09:53] EDIT camphyr/controllers/default.py: 0
[2018-05-21 19:10:00] EDIT camphyr/controllers/default.py: 0
[2018-05-21 19:10:11] EDIT camphyr/controllers/default.py: 0
[2018-05-21 19:10:25] EDIT camphyr/views/default/user_profile.html: 0
[2018-05-21 19:10:35] EDIT camphyr/views/default/user_profile.html: 0
[2018-05-21 19:10:37] EDIT camphyr/views/default/user_profile.html: 0
[2018-05-21 19:12:07] EDIT camphyr/controllers/default.py: 0
[2018-05-21 19:12:21] EDIT camphyr/views/default/create_story.html: 0
[2018-05-21 19:13:46] DELETE camphyr/views/default/story.html: -6
[2018-05-21 19:13:56] EDIT camphyr/views/default/user_story.html: -2
[2018-05-21 19:14:28] EDIT camphyr/views/default/user_story.html: 0
[2018-05-21 19:14:44] EDIT camphyr/views/default/user_story.html: 0
[2018-05-21 19:15:29] EDIT camphyr/views/default/user_story.html: 0
[2018-05-21 19:15:42] EDIT camphyr/views/default/user_story.html: 0
[2018-05-21 19:15:54] EDIT camphyr/views/default/user_story.html: 0
[2018-05-21 19:16:10] EDIT camphyr/views/default/user_story.html: 0
[2018-05-21 19:17:02] EDIT camphyr/controllers/default.py: 0
[2018-05-21 19:17:20] EDIT camphyr/controllers/default.py: 0
[2018-05-21 19:17:32] EDIT camphyr/models/tables.py: -1
[2018-05-21 19:17:39] EDIT camphyr/controllers/default.py: 0
[2018-05-21 19:17:41] EDIT camphyr/views/default/user_story.html: 0
[2018-05-21 19:20:43] EDIT camphyr/views/default/index.html: 0
[2018-05-21 19:20:53] EDIT camphyr/views/default/index.html: 0
[2018-05-21 19:22:41] EDIT camphyr/controllers/default.py: 0
[2018-05-21 19:25:30] EDIT camphyr/static/css/web2py.css: 0
[2018-05-21 19:25:55] EDIT camphyr/static/css/web2py.css: 0
[2018-05-21 19:25:55] EDIT camphyr/static/css/web2py.css: 0
[2018-05-21 19:25:55] EDIT camphyr/static/css/web2py.css: 0
[2018-05-21 19:25:55] EDIT camphyr/static/css/web2py.css: 0
[2018-05-21 19:25:56] EDIT camphyr/static/css/web2py.css: 0
[2018-05-21 19:26:28] EDIT camphyr/static/css/web2py.css: 0
[2018-05-21 19:26:40] EDIT camphyr/static/css/web2py.css: 0
[2018-05-21 19:28:26] EDIT camphyr/static/css/web2py.css: 0
[2018-05-21 19:28:29] EDIT camphyr/static/css/stupid.css: 0
[2018-05-21 19:28:31] EDIT camphyr/static/css/camphyr.css: 0
[2018-05-21 19:28:34] EDIT camphyr/views/default/index.html: 0
[2018-05-21 19:28:36] EDIT camphyr/controllers/default.py: 0
[2018-05-21 19:28:38] EDIT camphyr/controllers/default.py: 0
[2018-05-21 19:28:39] EDIT camphyr/models/tables.py: 0
[2018-05-21 19:28:41] EDIT camphyr/views/default/user_story.html: 0
